0 1 1
1 1 2
2 2 4
7 7 7
2 10 10
10 1254 1254
3 3 3
2 2 2
1 1 1
22 66 66
97 776 776
53 795 795
1 11 11
808 4040 4040
4 4 8
8 8 16
187 187 187
16 16 32
32 32 64
64 64 128
128 128 256
256 256 512
512 512 1024
1024 1024 2048
2048 2048 4096
4096 4096 8192
8192 8192 16384
16384 16384 32768
177 177 177
18638 149104 149104
1171545 1171545 1171545
32768 32768 65536
12280196 171922744 171922744
65536 65536 131072
131072 131072 262144
262144 262144 524288
524288 524288 1048576
1048576 1048576 2097152
2097152 2097152 4194304
883 7947 7947
2739668 16438008 16438008
72 72 72
8388608 8388608 16777216
16777216 16777216 33554432
20526 20526 20526
37 28209 28209
1531 7655 7655
188 188 188
368 2208 2208
33554432 33554432 67108864
67108864 67108864 134217728
134217728 134217728 268435456
268435456 268435456 536870912
536870912 536870912 1073741824
