29017243720612758250132214284
217343370857720969129670015407
-818635098925625084803397610997
2040056995046192906563950533959
1228304072300260560228288621718
-390571811210837070744819973886
-735679725261246546898898148629
1186125080236429610843090322141
1401018348849597920044023488526
829307995908331928844743919707
161714763574432129997444385014
134268776353679595960314979980
980418011183168669844045781810
-251884431581085093510493040853
961208601883454024962135937269
807365888937262990810724687372
1892320748833853703539804861974
-2044387228183736004707317392964
-281303871372189501054789925715
-1545472749626024350732131836304
1303584251691380586253693519340
853231436953553242496075247937
38079706875235568648291231531
1488394273319258266401099432023
186476233202143367814265680761
-446594111366156683639231461720
497301556621766710944407525734
-2182720024620081367535452957655
1275314981871490309302514772872
-1459948337977442729913494770031
-179307497753707158434117970414
87915524287868498935077909635
-14765010416633232766927154087
2193414298997291774699748595120
-483058129067080212414263516760
1351439399582271459257202289362
298527627119682368000632540726
295974818418109342040513483794
-132431953809627174412201511263
-1535189068634173455651850992315
51352566434448728619738703420
297292881446378772688665826252
313381053138328925467847383522
1219739261815943569404890606976
539589293119715349685889896601
1217008972332664812977399866511
786951616296093039270771542353
749020244803730545535698997322
193570996817123394628568445614
1001081881664732919146977316157
1940792602026125390852726623285
-924390265676373054889588823318
-1072116965189746067692061811106
1187925091036739544411353093826
-387018470861622299877105028513
1412968169652115626640667718704
-918616841900508604175798025445
852747538532268395500496025242
49459522176619031359529799263
-563322501898517224231021900056
1208824985070328388326516592772
-1345211509650808625342962701179
1580170194074352903355671986551
-1653585900032943112169448442427
-658464998017030522703914658764
-770446753343626874587393746936
1087357714528104834112476927930
692973722881436140069102844245
1774597411683134113449750668975
613394759331350862774457723900
558834314748309507917947053174
1515007485418652451894433527117
850108107609390101598249166719
-1642103571327385863240907921160
-1758874100272287891264101886665
1167902572248297037737444946313
-1371414104584602073388667810041
-1945436013752213934234036088178
-317945337085239517616473509085
-1537013195119247439700931482639
-913943689863041685415827534404
-56513249879078419823725749629
-2200420811031623456052825784788
186657176710153069342663239150
-946109480100547837459486507817
658996236292603562596414299594
-576208549920469085257578793290
-1288324173880102848003290695714
531438820027409844815250629920
1484251735496284262395451502158
1346685980076639762809342206456
-142713268094484095932209160935
-657682947332688557442559631035
827775890853245670534039876522
1374960612949518415863005453864
-568593773054315683661528676086
-1219960815793311198700864283855
737442758931142537593504745758
763861829808505777560576106426
149949080843038404578816801524
-1872814190560193275175928201600
1578965903677096933515795530269
1381482283721374017002886284701
-502804817553115753592559637743
1622511377817318905421097038075
-1278628520255628022554357603776
634366224849764324673354042260
-538596187279548682053675321109
504059106232611603450167090321
-563273628494590298142611772523
586160778496090381334342520619
113237007966960663923509000086
-164325886740197595557962353751
700623208726769694100068008000
-310685818094083120205841812584
-1744449561019343966742334804968
1458377993418965626863984949578
-1210385535897667903814219978767
-302498148217393221899307347766
-1125064735025833252202902854992
-44826850512280056526515431229
-237577471101505531826203564748
690801872277448794751102671166
-120288395261673498228348892729
-142697854139431731852627301123
944966147904448909297050498193
-175823402627062189845559875794
-1680636533768504816103160236926
-175609526945078276808910274624
-1090557670045637362861837452555
1445116173011090073047627972510
-825682994319013546218614104803
1878877238975055100243118885913
55069370438717599959444077228
-954253469729072827551612390357
-281160363351947343703950785928
146583593255216670890552425365
937544558302643425065691261813
-992611721691259842830900399491
-1610567051565394639304828008174
913518001472067480091345284024
508371550298158472006279055336
-655970309821817492372164839053
-105602097534309233424417944733
-1480172331313991593009344044269
-403049364099399088537683877249
-2181672075627564521976971288527
874591943926054408112990420826
948547786506602221368136653600
-1593450199428902874465144155380
-1177892418217483223661448870596
422204447550491330551594662552
300216688270490538361218482285
-533394909915561756757383361320
-929580540698767859417481890278
-284251197027947543917182896227
248402109088628091457494294662
567132980963655956714307259882
35839909023363320102620306824
1295770141824415929353103374051
32813296741920201256155653369
472125360994974488801683374535
1212048617735053900108489180420
-483181498397754185922284156925
387317072774677078892607869232
-226842988780802147752169612029
-221679781480245401558011698750
472406899394752699623300887356
1328802526746573397599750353985
-1086957641190706496800150511524
1440384442923837108690902182527
848445174708748581560551045168
1255337648885536649256881518764
1534925826319656708895294497531
5385522740956815953289815624
-547747807331675192782977673671
-1498466052017989777029947572479
-1287728171125847197358972503367
586375893645120469534572181640
-307562157379937457091004863280
-58374242177570680874057455100
-105109338479124800689540055264
809146565071105248726888203007
-77400227990574378696745119229
1834777216333385111606597332891
-1454375013722250367139191616583
121762249115729418606963799769
658533188416360436625800857337
-572840598628633854375220523061
309186337944751615942788816167
-1856324848206753092088406910931
-236651303079558672844062886460
83724757873886434746761118129
1897711554473772694192087244564
-171153538309353182672779048436
-1000903578944969954402169429650
-20982751678304837757698767856
-1097858605719081504870749137180
134205608956000088568505423526
1160202286394371698283066351351
340264642482636417471966170730
-1664997515925938448019606621904
385299131578611864451851648140
1029436955929054214988320838027
-434080924788987419658480138864
82263484581967669858464685980
-402985898457154454343158087003
-125753934786578930498886143220
-1060208960438834732979370333887
748571744853324991033773935157
-1732803614590073940675620264662
-230416592349047490184003667824
-856464814367088195170010419390
-26348322572776053176106699732
422072201264444605122940505926
379304856610576275963076333716
902382206427737088432958997351
1037095768834784968076392841973
-390907857290284116918427559380
-1015666117242462269770115434825
708576334918243395826473336759
2026290315095483238489995844405
1845443620192464329674260481763
751207379907649053570027650912
-311515870124409113464762821988
1599543364757292104975357088656
372332188215687594433814674442
488229064857149317018645275707
-682001821447038320392221817863
666957284011454691808205671463
888483748709867652800077873605
-1607265097968632430163262185544
1886392109712292580947271905613
1673224748977394100784965247024
-1279983330867090538792154931208
433569836298153955574339608365
-60413406806354922250010303027
-2200021989236360407169988318452
-863535987801565581402270843969
-1534741977140392222409862690630
-276684224830253022646123495266
-393011248298436614940866788615
-315286307526850074970446180161
-1413722081520345645841515572165
560357192290990281431134829047
-361479622990206065405257278646
-1130665712520091769562766686725
48133891035406386082738685584
-461048992120049884860168602058
2057123310575011121557740542724
183581156727474388491120733669
949465351440928934693254190454
-216694009912725732293967125042
218554376757952373079442074920
-272276477439302133737579664101
842631398319897502737010432559
-621617491469831302491787385707
-33041488108364523653161162677
-112533063759015098022343428325
-656562183073152795110587461512
-1020438422820413807315283985360
62058266156114436223386388757
-1546983944819599272887299801228
2078238276494389076265019440357
-1143640534139368262950615250245
377065006406600246434717491515
93944168235439761218308015891
86621347108859686378637693110
378614613147142608477000984318
108943763827354786061592138263
-463114021084201239254198255756
776311002956757691490409080195
-1621935175008405563841903064772
212903005871882666855347707243
-1888506394108634000117047144303
33342605270741603521626979908
-315801213217797335281100788769
-2103796865984367715541719487124
309515968183139180191072855408
952392368545807675773263216098
-459504245198642895256314949823
-44523660751677241306414907146
-550001048053378181783438818231
-215336201180478465239849062702
-319969179447857020763236919946
38276761316862167754157867662
412060583582958117566053930765
944541533168114119900226993201
-385120726946998755806850645619
-1371589197180916663908264137165
-912234257351894056659185863665
-2356720252242828322735564222481
-514299005695941475100663910461
632768112904426588329039894445
760707654648203076317896921520
1894395681483569444984884988856
-284209740701384364052099384101
-930505859119836517070928245609
706517646287311874863881390665
2194344777500337155700764735769
444967485671405245484536171578
731376409594101489606627958191
-2138073759030616072959886222939
237936099237091895563124049038
1827876004157258393061891410386
-1620367502012139884921342928178
-2042044986963871078393641415579
720272251998482619842879539530
-963619593089116128653225520533
244717466905041853460629883915
-1113971274604690191054965230346
66958296358850509194650109246
-297084277401403297420030743746
367681445629923311077980362202
-1489734063627292756885105451859
505408347215643599439307050052
403792667432664738066044704205
-1785524543759164094439720554727
705004975706266194500049976508
-46560656308979564102235150034
1874078623528064290136213347767
2054386381101158520934712583001
1326810076963644356410889968127
-832187944079102041224984471320
850097669913033643128735914722
1392598863052068660644597421638
400971913838055182676636572753
-1398627937938342380837068243519
1105001484744214201482945199574
320290170886908962222047554807
-763358789131285266677518423539
977051788102756196594281244240
-344562525242743883928605379919
-844353781974278815489367657096
510801093901180240225238316079
-318635200794223223775927092124
-515969344041236549788184726495
-357968341715285943497030232345
760573474963473543228821665189
-1308533550619099615385530535245
64557027131024434283411058615
-352892235744914166826846292254
460986964164221380170715708027
1408019907912384679879586699889
105323803018544409654194544989
85776832376649980155560447655
1201934207771657194918306796476
-407160461050743464111932780790
-724687184163060226853280035697
1112222511955805978949699891138
905823324422288409910239405952
-120782064086958519022678382861
-1682378312913512525205038210143
355721017575431344244957024929
-1681457809946458141128662929315
741255288139631118899680807613
1543529012998357542239058185495
1119550210911973831373406578905
-504525323995429178694237859400
475985393185050322680623553721
-15304187006987520120333931202
-88017135345245847996648680750
1940776960376997085626138456579
1147912596575597996663690912446
-947844515048584578700411268982
156422287745180817301597782526
-1080235674741296807152581220312
149444467769908970562293685428
259840672321937911607520387453
1040560598344370860802493943388
-106811158461827193667586586781
-411893095325923972227728565035
110096465589422814354507553888
-1656643386411991526678149601037
-1177135846843051561498655310990
738672052909736306539404844058
-432815658358040364805930511139
123630234249519257950275804223
-1804855906014801739037900858896
-1225906067942235322763136728318
-643716137287421069234333815237
-1044229285922336705818306868955
152976705827497876770142317347
403725698613768587840316031300
-114510065004718249983809922415
-1783389876655529663709270868581
1349703262997293072579710063844
-1194193181719137225544341269374
1260051710914235544003736149369
-239454910235606418732180027388
-1628916187585299272147288080232
284848973934494841298544352187
-2225819538853690048094024743070
1242221373653242408175579512821
-770537780169459746764389379305
-2157731174608795335403592658182
636169072984188442404286476377
1086301848659602257550828859551
392699337334185114324470816089
392476729263484013370301651076
-759731112260520393714624654225
-303871754986700615791403007659
1518730212977016923771750274952
-1026652827148680596537095457005
886971853467727831338716459012
-816624871310184025002745975752
-821611250995668234526895574113
-341266372233920278705253677117
-1813761257828801470791148126239
-2100676177179691742377086425435
939288133951495758548297275947
-1600541143376455477975275125817
-790290261860036517725179230526
-2163344541067868519894496680488
-1078174758178539998430242040896
240956842071011930801276870861
-1361811353915767293989957317381
1127988995394034190349339653722
-38223347153035755796377173131
146563986490632406385647314853
-311730224890033292270285905681
2169752627504414249981094601654
-841507499226892265847749861332
747492111237157316507007555553
300957641660177177501815698706
334568639053612543372068572868
421795913807313793736538296798
-184542481859144534899666264474
116807918061793562474770722372
-1326917205333270432512159366452
-1143452852179016632718969950300
939471852984298297529398478124
1493304568147331710205380439589
1427228168318490186392818069878
-143059378101514585869304805384
-1255651785536785649412612515060
-1184866996379243506810305740995
-1160941983088952515807673355409
-377037726093238250025412034128
309972034891098807215493850086
-193170681717692467160963130244
927164038393754308470057312221
-1304876908758666890683876044874
-949528161931146325614681371118
1079749161791615266646252793367
806178388229474395310552966502
404779750308691164290278962716
310777911899626720982484492799
-1740620651739755092796377505331
-362671981679567263547693014824
124611977482980926607337311427
1682032096604742150341441007727
841519161637996071207806808181
-1128989945532487707239648781151
-679342889458787627174465630497
-831296007091696952925313717655
1642451241069619701070311050544
-850113078758592465910239583746
-1104807638044596550651416721037
577065474271810074046422693406
-1844650670769862750202579483037
1643218860074999507170558599662
117930682554982500278192413482
151188759363377621199103086127
-416860082511913207852830496304
-368122514973019054753414553419
-896487055116682061931781105474
-1230885153109134336119099447184
2275771510504211314075469487196
-1170376884677205957296662142176
942295561815688175505775730836
-473625082536425525431746612065
1935312069371438348532652283264
-1499599189191333373377484170837
-1967870372017392966605841342443
104109147120470077046309611913
694474306157308277251119965200
-316558816713380426637194689923
864068121187965705685408502629
257459613257001998067824392902
-1313527603878829494955230454905
106991852038337088450095423235
-59647595066842901531384493066
-1163350580927983467080209453849
167635567003084091928121471200
599947921036944430630004789299
1446341622743022175332160015455
1854921315437933083446453974080
-441207712673184336626257389453
2182033991914802356767049003884
-348859470837066737740804031748
-866621389662829710344998126599
-711726035714533670875331950383
-2268890631375807843716766637126
213415610418356123154032339426
-618877021480935948711586801376
215003102182868684778593846924
-324602942226200842985824976816
1562563025463194558668418572614
1024704097215196912400809642879
580371684147741732759140009877
183245321551941531428908300321
2279905492743874763207988782887
-144207843946594639567231575864
-2118534067274346550647817077777
1914933799346967083137026929432
1148212578786933421008625540895
-208398691703885326765403830432
-1872551580714317203193965092884
2151959481050171024663214235806
1173720711051243660530348602070
-520935542554721326525810132599
-1193166046319774326298933821318
-1442546285606787253110590283967
358045066645230511075607135669
779299863843244630236625324001
-634841430910965994169273909120
309489487099784493340023575178
1085572076933987869695503133394
1115744553312620443014113746934
-2318630339872615153077792437011
1464984860921541337832614925905
-1262460857136451733529360565677
167573070347126698669705058538
-336133103082964155276891438701
1704207938365237578910247825223
60692720564763191861471207669
796742184036834210337435585252
-21592118265197256643863880136
1359722067965666201844856820783
-8193991907866713360160623856
1045635259163774234590851945694
-33320436793437147575015037313
-352673766628216982712275868820
-1374776432910326006900381437579
-440782280004000202592705998175
-300567316138891598140593710183
28301750746072725639072000672
600546037166921026395418034743
-1353529460718450933840115102522
1725445127553851006724685349999
486640318695097188083757160130
-82102148695013678102318690126
1469848462413235064581359468246
-2189763714744092061137133890476
553404455420722750943152627406
-139536184266622428016918338656
2023031319789804486839910008239
1569120497707996088412072290234
-222807485766696743262892013818
-193387250615398658411341205472
-473577759803017331879102087721
1740937175710995783733503187947
-281373288739776418424287195869
31124947905528819186327431045
-114022090120952004411911754702
1339265264029065493371270446738
444678744290641190177197190064
-484848683188391817545175083983
-937736219981088515402014607836
1049945359963085881269788620605
-144478874076860191479341563256
-1321219795990490827099832513666
-151595319978167516356272477346
-1271155493170209006775703033816
1405694572344808739911017823474
142289667210547636084267760828
-2280670853155511874684424307789
-225251744105578509198803349412
-1127834092262084341678015819992
-613454038322941373691314415560
985659243251550401149470440491
647963328063981677111955048001
-248768474139394107005841289070
1490554658713933080428380576344
-2085086321016182738426484751995
187474400791521004785856235729
-284070970141245173303083719114
-662355036524342873366147421946
-1981548968186388171311362174027
1342732463515432256584999892221
-57445907340775235770067776424
2197558027637974053650477836381
-964990227779585781920671242184
-950005981374575162992692020149
-333405916011609093295801305596
-446468404777942512431588763412
-1143951609234714609284471835390
454776511424969752420140793099
838860674954021248546066228256
-1777805897836078390449116604814
485752006618849440055316165625
648667891515418420115234787959
-1262795605380874143935272752526
1573516523763812388536070722218
-329039523630203538151673652090
-1464531296608666638409268349066
-1007121294646088700416935938437
192608525945847752522175982955
-683896461068588729048694486253
1217890781703629941573146071848
-1193329417833064080010748443101
-1657601203064123717413043291145
1632875078169953982453569372653
102825921155171850671961783537
47379245890259605038900145509
483942202971332522706789786280
-493048453340404609164013467073
1077355403001073598234602457651
1311098429082783854571603533503
-1969353908545372452492321580711
443545810128814999918627248667
358983701412484009716304737945
790326594151503176594818386762
-52065050616581758293159573943
859397350652474187530478991729
-614099328161040976535955761949
-247623979619189953313448803015
-875380145648803161643940232550
1315399032293905444339562113667
655421892779238178886157715128
1587656150467596531774984151598
-459967301674119000737624953043
-941164419361656889640707289957
1185539820998063012370816331206
784955475161388821613366158370
-1392131384290320198327082675621
-1427730719801461273186130070655
152821882042513683761601616584
147103515082228514143702602713
243433789435793401204283529957
106300734470916342061930705839
1385206517629868354944229739820
562364585191953160163226884524
1304784065210598666281185937616
1051368030130443458872110395646
1769194966367340321714699542591
1911516505192751473126664681420
1487917654984921737753939850383
-2292946918153563590870586161480
561217919845405054845817209639
15010139452593104643374763617
-235179911516466723984177451294
-494340947921059645014057206261
-300856061457729916307485098692
-1615288713237211676773097715947
-192419290408866600739241610491
-554179400888976470439809787852
-783587131414997414226862585910
-90869524427924202378582942328
525518826743941686166434268651
-1179997653738805955317678162410
-771242970404373248821566605894
-853253008878837756131423986335
117960419995908301996523909475
-381341770406799222262315055569
281930293984020412419373360364
-347456958272181700387679277866
213799460232839083067440589423
-1314902157504977768802929354673
-2138189484042712571217596928717
2184376717056042635522225663834
-1017592584074928486854318384980
-263931046837433537106717147217
-739170964718466950107405507618
-250229022921107353354388272078
1027529016024971768605137424828
-1404004433780897405154835900423
158629935058934993014416823330
-171184144071403512162951942525
-224820135569522211488660545935
-1768189123763437859388069565222
-1695133702530086019931909955429
1662324357855200936737404386655
-156393779012974358066869082202
1241516155760025465254213690504
-631652612254408707708655079887
137062823465424294822536007686
-1395561029735824259845110433267
1812676551221656076350642395412
844819939902795246999887705330
-859283881374466276789554104878
553123880082391475211544595183
370017393654543411232926233289
-125088091861171851802586225706
-520132451991047361206006381734
1322622207529096079954821698853
-7807073641668246995566648182
-932137799324908900876699507874
-270073587082681307723453722009
333793271936425388559173215163
-1213543532705576874037138642094
2224708140992863981527515666353
-1657020434794342729661088922661
320195076278551223708059562752
-146962326672908287196712171662
-252401267713407270455009101391
267271347997006201207441939181
65354164298401738468675263689
1161343124252571279965694922469
363327332053527151792694808934
-563374917661187255614016249073
607912837302181967871343321981
371449975350097268583580714460
-1504075479947974699549909438094
-586140653582912517829038855668
-717720865385084523777382572818
275288884960752777062293114664
198958761606446549912578943209
-191260865010653279341601095237
696803953967097944691778290851
-571339038695988043133645784829
-1372706511187733785277950266945
826611011800606467648964350905
-568937250459745958798629712024
-220239869753444706218802850570
657001970798735860751518642106
-1326029817075084991191656881860
-2203456550457121915252809329683
-907559671609370734243285063855
224737318807367035753177001608
-1010852221025155450271379775485
116375452276393164198106051551
-292421415151970714473624327666
-166730076627065808389820227476
-670661382868362353899742268470
480294549484082948104829829735
2412414613630830081800217253223
464656746544274964706453707316
971310005769177105054329461508
-199935304878505942810863714691
-821275981137541503731245483911
-1105340374783369547583623632240
2212201671412059002984227527534
-751492970929325211461404878287
232538894640426451413514325005
1746827767127893978311647681716
28804686397229761555276225833
47780499241970126890148423757
1093112311630684601137313018054
1661441453411565888670065667604
-104276114676585116864222632344
923276547757948602670848940187
-425244550348747956454855901366
1273259689693727167194486250648
-636064977763691425279941407457
-1435706434991631113480401520756
-844180301218793458466700091316
1561635457710969743182498672657
593585623078190610423773991786
-692117595412270971125345900668
424437859235817775428777807375
-153183411519238098168487190607
933546294875382068875841756369
-1383106901198229258814038865624
1770105733791354738372032561779
46408228155168390418627212803
-1841343696663877768459627015477
1776544753571856268195275794528
240707114591024610511046328769
979944174743521897582399831772
-1100110571305314431362694770087
650380854625170330833273200415
-1409838130966318726674863141960
-237253569067038439280646091369
1958761582595451665737406882560
1010983871885356968881562838228
828569874145349713102100639983
1089654957245184986121497256639
1664596707485456916626021565549
399271622607393328495866473807
1669896233495365215649454039057
-160550454670105483611377336632
1752253815341605108465492706203
246014979149114705189662881886
264188855370005842858208352813
-735378651404774301424895669634
1134071490665182047121202946336
-429028799405492340809104167105
-1078390934029512508712378495533
-279182283735040069369969262286
95714712729785062951962477648
-242131576649275239130933187258
-1710494660574859611392256217749
-1723695784988338211109510984763
198548846338836561233060916465
-472301370936211461327937825744
1686099983954609352734656672922
273705962527609438473149111078
1769641941904458114082936876816
1644043995504358344469030984702
29114543737154230551022409479
67998540318172551511700654917
1727087901716953477685775586184
679959332085153241517505183836
-1218056724605023676916683977684
1337792208790016395799268625624
-259803756088461704466371963140
-542236331098015486779183660630
-888556606185108802175529875410
-1007741065401371649960282205020
1264625148542186483942146860684
-1431226983204128046387703532424
863152687070083424613792353106
-438311497821214108647165889730
-1111251073156815929832209984021
-647687816961512987731686165383
341325672598426890492872215874
-69381789243685855525540504987
1399959152618850237042962606906
-963672163565088415011724240559
138510096862067926326446628810
-604531731160085406800966430809
-1919084926253698075224654448771
-1596406963863198488661837411946
-1676963143314430844585701050646
-11606574849583585063317902634
591975435376900150547551982899
196141467129082434044350008381
1895432554173912886153879934781
2276997550840204345064039896273
-415904111493488852957577109516
1759630315836907718302390209333
-1745851784184722355800981177413
-180210344774346005013217730779
1673248688908246936236052455599
-146667176920982172140844885161
-2282638989750643126779063345138
-242874765914819039525809470519
-975151828446719232984253700249
-1064564737578763228957914183581
30859154715582019251078969008
35834095042435314393577535145
792299199970024846729883368384
-1360690946238220902940657975934
-952186755953046360053093305517
-1335568110038555371289633063607
-1062790886581378227181281343666
16007543030894849043512110169
-859521605502951853528439027274
133272886425933972558022317171
1911831108882764876076892082451
394737711583488821374846951655
-148591998206721975636936953775
-1043430280694711510687295749713
1545738735602833662954354433600
25498154699437569339784637585
558175133681584176558408424708
907535277231445788783893236439
-198608640850317244747459258049
2038359812399125060677154390502
-908192526689506692192594347640
1949525700805081239010446571105
-1485531212132963783861559875014
-1188444422554355210913673156647
1197789100451697195059306814609
1453229812737293784566162220395
662268611373019093581017460555
350573376126079282993454606091
-2240011900524734843198896663054
-1724123693041702824975490494824
-1006762188174383310682992410792
-221337513791479883734876713251
-811493874488587575243345894391
222327475498065016311564890062
104022081170291497383776683450
1204572207573467224262094739826
-88378155188721234964916545018
670995155004621678898475271157
13668659882434654242359447024
1298483789376286557629185209162
1617006395228190282966765063595
-335783883196632520523060340149
-284352414547321873643209426632
-329132431652719316073915943152
-457469199729241449494874062025
960661834261690067381602362941
-1238260777968945411736583446865
2026011978114775345385564421814
1169194014465215687654833768565
-310918440621783615981004613432
869336489389048667556476455615
-2430412907774742150802758658600
229520343426045672394399711582
-1123990202766485674611801697301
2010667949707270540722562940120
-174277851052390231628477876382
1034940573886211991092000143105
273273897948097171986214642760
1906565774619247626641665418093
902998349370612509033997922267
505775123911262852525293869359
-23631638819866930683990057175
-83136488898834749350251358546
-72535360322133220215247943186
-651300165025978120476961324229
-1366493597433016024154788634871
1071257820776209722871681983085
-338436922298595763316762926605
-1200479612175752891348455716746
717807236515135527658800519932
447150791774426596142614098524
486365294571659699737360257082
-599006221202125167405882120510
478460282607140828581573289576
-75535261786758702031887715873
-493316821947005424635655207862
258681804675461770760334035519
1712127221997392368244753017860
1398505278357567712400167431853
1264113671759502541161888325284
-1550723459050917661267264104217
1634108972488047049516116319599
-655947478770443165428092584111
-1091938068434782229517887346818
646035586408250232949802912307
-715783368380486602575803638878
-1528818759882612844003381659735
1917149139021800526776404316239
1261078745937527013658098555068
226839529239923374321262212581
53630394267179137769945337582
358907339889163240693394008549
825364717820853214133724941260
1075527228135919018943858447779
-498977478327178351260424974737
1105140144999052970886759999676
-1356185020493144956185553189397
-228232060979963322619542774029
7327254964379509528520118543
716944543066988791840103278531
-542782320978794518841533129786
170618538174305993414271852116
522746540903996306549925235109
1057987526766288446340808311460
180272692075963817339653730917
-1240191467638002955259238229148
-1552811627987423323481092326820
-1424764127415389363555669107484
-1101502477282145893257890290015
-195576600854750372902090309521
-974372401200548271224148719650
-277094504897663620324349228575
550340641867067675973667235986
-1340683957804082133318317081892
-279575291997845218205100281650
454395135861703824360428249915
11923146433165465624613589591
203567972401641655299180039599
364362697148417296268915693120
-1291096511430120668042617107230
-469274922053602924591199406052
-1093048942797622443277524497866
354905616602051741518947590726
-1125273005870719211515645551327
2044175236721906377244216186785
-229673054990705256544506482330
-1666710819339668849012927893095
-1411352745053659240244663561643
-1974729270359577639035733193195
179786544060823685554406395401
-284427681724213989685111534401
-104908300298330911976989395016
-413491771501670970515179277258
-1253768492234833944912477642544
-747154327894710004324073845372
-869154619644727776490962800785
-1013731158930540582208146543018
-21365412456754550126217187403
497418397340524048968973634237
1397604667298745735462405911073
-947146812180740431018909028942
1094451033795749368569414689633
-1682612215954009939755974024055
845159599657687326140042399764
-1260761548497920031045804777061
-1077061857955299344354736547496
-1555346104824401629215500251984
-737028281816558508836121110346
85180873055037525935247559094
1166043223733292818417712695954
-316272999091251258978963753078
-457465634189141095788169966130
547342271514724450698031059947
200911286146590004551982524489
230985043812497964049907639886
2042769807903947400774840934774
-1973668336968973041250519548658
-2440557139627997435901304255308
1915171306290816565232081055899
-839956995450399571271927194878
-1446002974829401531949259778148
-778392801672432806709821650663
320094557987111364183941387791
1166336117316404414078904688929
38169349632650464979214828176
-912334928394161308300093638893
1296696118041153081254595171285
825167877565382865165332778514
-1839254279415831995459595330152
