56636
501588
512159
2644745
1547077
5360096
51622
2539782
769571
1115439
1503446
1789772
2414700
143516
386403
390899
3270664
2759153
647407
1382083
413511
12029
1718538
625472
1736849
3107796
888187
742127
219580
657549
1564381
363126
391132
1232055
1968883
252722
1530548
671448
535906
542498
950025
438525
1138760
1652966
2256348
1291537
3323096
62056
2302356
200919
521786
1618084
9776
490502
338789
606855
706397
328671
2943237
1726885
955387
325034
4380856
493511
81482
1144131
1645829
2377483
1383728
2949967
974468
1137992
369741
2640744
1833007
884385
1788811
3884713
782538
91095
360246
453611
1828187
1023809
1648839
1679217
92279
555025
572191
110243
2048850
45156
620244
990800
110106
464149
1407524
2421729
3505435
782718
1141595
30075
172561
255129
1493561
46091
1840955
2397713
1693706
1541346
53426
511253
2844600
2871438
140512
136920
2763573
857269
350104
283624
1531915
447258
243039
1143172
613276
817030
550256
1483972
335707
319396
869783
26069
147778
441562
495009
239791
1464749
12719
1981272
2586737
1602608
268110
1462036
1461320
815709
941199
761694
3753504
2270079
925437
1049477
419410
129290
86507
1212470
1934427
62841
1533121
236769
824787
153852
455777
711914
1762305
909127
813404
108271
2957417
2017562
379759
840155
1560350
1040574
607286
1905497
1141351
274920
2020305
2323426
1571091
2501008
622759
792317
1378284
819963
36995
2422392
1691289
1181938
1419050
146293
1449942
917376
729304
387675
3560659
1040073
2458409
3231609
2635174
375488
64169
851400
641832
1699461
1206489
173999
642664
135507
1080142
451208
380616
542594
3288282
466292
123295
230198
858703
893222
4656767
105228
1873435
2562599
51879
1214120
943297
845728
337272
272637
970285
224613
1452513
3089790
476231
413215
541419
5075653
927338
1628880
1055947
213645
2052356
2598195
11211
5778
173792
1067718
3770626
1395488
191419
3437871
545243
1795589
33326
3254829
1687439
130967
495798
120451
261513
2262901
1364496
825539
379612
271075
8776
1867210
3566915
1580840
1731333
2933623
1713059
639769
897866
1214874
211379
614260
1726554
1460297
835785
1140031
2243464
1385411
955650
1463362
32987
1253795
80807
1034828
1682203
2284191
1747651
785915
1232569
514811
396856
2504814
912394
2191552
32920
229099
1195933
1020328
2027520
215481
1919267
1017613
379962
1189648
931275
896810
2873994
345420
272755
185857
1694389
254059
1068935
358950
3273128
522101
1541754
1334114
1713488
978113
2711007
438338
518703
2559475
2746726
958621
385109
292808
1138602
4152931
2508594
283761
288691
650625
779068
119050
2204908
253614
487658
536760
312301
1316264
111369
3878691
2691444
1539525
2358181
2437125
1433379
883336
1043034
900330
1968506
312287
2536905
1045958
706130
250537
709924
1175157
1599439
2093799
466789
1536500
353994
1251936
1768493
2777746
392109
973917
1278533
1596397
377745
223235
1305841
179031
462215
1079114
356181
49497
2126868
1015621
1738086
409695
82873
89209
460349
425432
1225479
1414629
969216
936431
1897645
219010
279680
1036370
2533134
3467338
561150
916938
2078789
2383379
846237
2047277
160478
446380
4548720
760219
1464858
1016393
377048
3493742
302720
159453
7773
337496
70988
50948
734033
345866
314409
812774
1119936
2991110
784725
624582
3239955
1759413
1642173
804328
3406147
151530
395430
1113630
412461
2313424
1546985
371381
108039
2522207
185845
1258150
80318
876938
232067
1849774
276565
2183787
2424553
1278196
1588102
169544
2127322
220413
673317
179107
1769017
32875
393058
1586044
777183
818359
1204004
36058
370340
117322
414418
207834
1929957
1302466
1032895
2265372
298401
1548416
1405719
401532
1106147
249971
831518
1536433
2333230
1110625
1262122
3015679
838901
363354
649425
173371
808961
1335778
3648676
121092
176461
1902617
34567
3502066
508444
46480
1360075
284677
659843
1952480
1202164
592393
2163604
284622
561410
1226952
611685
181212
2242276
496774
588132
3605802
2193548
81172
2159545
147647
116404
1860166
158184
617060
1428847
115494
2337000
979338
192658
1167514
2327323
476926
298321
208593
191378
1514163
114959
786892
322004
171138
2302987
173784
396823
1202250
398049
1120491
28144
631494
810143
425642
789528
763488
1827139
1733880
37634
1109557
157154
314157
1104440
590413
2134457
208701
54016
258156
41223
617601
103767
3177444
224737
1242777
282859
1957500
1307381
2432255
1028662
230638
673891
1648444
361247
1107401
562736
1508589
2211932
1995091
345928
2098586
585941
1147767
303221
1669811
303735
4059553
276777
442275
244040
1268606
403954
514053
229222
4731871
402299
420161
124247
9026
494491
173350
47776
614072
535516
451304
1112447
1235877
1297624
82992
125656
3655965
1129960
426967
54484
1180043
1307184
961249
1082291
787785
488966
3141284
817703
333844
117022
540612
777757
717187
168398
1178381
1246770
552662
467700
32223
137247
156186
2483093
452568
99622
944562
120985
304872
1286317
2076258
430661
3985754
1009087
1241589
3967810
937267
2316027
27539
2445069
227077
170675
137958
1693431
159603
1281086
81559
1588940
179999
327874
3247896
38668
1870138
284201
1789396
530342
1337121
1004959
4502960
1187159
934483
69970
535246
28023
112300
309150
765897
927030
1139132
775999
1086999
2806106
637068
1394008
1344522
595060
1075543
1360672
940967
64122
170842
1801815
951516
5280183
3275030
237099
145192
253035
1393649
173724
481304
961204
3083333
80393
633239
369725
619952
1189646
130070
401994
547285
3444158
1407616
1511058
758757
1515150
2604100
897711
2319689
1059591
2074982
334032
618321
326501
1145633
160056
466208
257270
878075
21379
1114743
4628958
576481
639367
173503
361615
267801
4008140
2132207
2343622
956776
636143
93999
8424
351984
1921069
2011981
218860
1286205
109545
2018151
3147
29938
183438
1752089
2001342
2717563
2875895
191847
604296
278935
1185799
2846079
446859
213944
514490
1862729
341517
282776
245706
57997
184675
2837714
2390356
2157516
1874863
1726984
478328
3058375
1140594
951728
1886768
320294
2358954
3254368
959341
583022
2716010
1005057
278265
653633
344616
1135637
258805
474423
147068
338003
2163629
141360
194433
44774
2608439
9891
302968
644712
1658459
882358
1398177
681680
70491
1564718
1178337
637425
267013
344015
379889
1188702
992836
2087322
591272
781463
360276
669443
818897
3077806
2053260
893206
605421
231482
3565843
1062058
2621220
874932
1692317
1767962
1761688
85054
420859
328853
2055572
759715
542840
1600841
1328949
133801
465373
477777
354792
2763246
405253
966600
209513
423298
2978208
47166
777409
286279
318908
1170257
744123
100182
627402
3259148
1081702
1116999
1878565
3161489
421522
3009676
973249
1215994
1351749
843560
1592779
323612
2837035
173770
2878822
968149
1739910
413952
1993961
2321266
1816280
2787615
2951799
1473745
1827848
890113
124267
69913
2044383
106921
89659
1192627
229103
965950
1728799
2250360
367696
1705028
1048491
1239863
1714107
507994
37940
345164
312906
1607179
556609
371399
2134857
1061739
372249
3756712
798967
1192924
2071099
401631
716074
993516
759003
1915622
379293
3533838
773274
1228547
77047
224690
343959
1374066
573270
697584
404482
340062
1108467
460754
169483
2080749
678258
443351
87892
493232
325060
2705643
49143
1360388
104110
286069
221533
401755
1444476
625611
127114
130956
266855
192352
2321882
558381
1167093
2108552
460726
267826
743544
1740239
1846242
1518408
2748929
574233
321960
2150368
276405
318836
1578942
278480
1925455
586172
434115
852761
244399
109090
999405
1703863
484085
828669
346007
494830
352722
1455294
332292
