3 r1 r2 r3
1 r1
8 r14 c5 r13 r15 r2 r6 r8 r12
6 r3 r8 c6 r2 r4 r9
9 c3 r4 c9 r3 c8 r2 r10 r11 r14
2 r4 r3
5 r9 r5 r8 r2 r6
1 r4
6 r8 r5 r6 r1 r2 r7
1 r9
3 c7 c8 r3
6 r9 r13 r5 r10 r11 r12
7 c4 c2 c9 r18 r1 r10 r16
5 r1 r5 r2 r4 r3
7 c3 c4 c5 r3 c6 r5 r13
8 r11 c11 r8 r1 r4 r5 r6 r7
1 r1
4 r8 r4 r5 r6
7 c2 r10 c3 r1 r3 r5 r8
1 r1
9 r6 r4 r3 r12 r14 r1 r2 r5 r9
2 c1 c2
1 r1
7 r4 r10 r1 r3 r9 r13 r15
8 r3 r8 r2 r6 r1 r4 r7 r10
7 r3 r5 r2 r6 r7 r8 r9
6 r1 r2 r4 r6 r7 r8
8 r6 r13 c5 r1 r3 r4 r9 r10
7 r4 r8 r2 r3 r5 r7 r9
8 r3 r6 r9 c7 r5 r7 r8 r10
6 r3 r6 r4 r5 r1 r2
7 r9 c8 r1 c4 r4 r2 r3
2 c1 r3
1 c1
5 c1 c2 c3 c5 r14
9 c1 r11 r15 c4 r2 r5 r6 r9 r14
5 r9 r1 r3 r7 r8
8 r1 r4 c3 r3 r5 r6 r7 r8
2 r3 r5
8 c3 c2 c6 r4 r6 r12 r15 r17
5 r4 r8 r14 r16 r18
2 r1 r8
9 c11 r7 r3 r4 r8 r10 r11 c1 r6
2 r12 r17
7 c3 r3 r10 r17 c8 r7 r11
11 c2 c7 r1 r2 r16 r4 r5 r10 r12 r14 r15
8 r10 r2 r8 r7 r9 r3 r4 r5
7 r10 r15 c2 r2 r7 r9 r11
1 r13
2 r1 r2
9 c11 r8 r10 r1 r2 r3 r5 r6 r9
7 c1 c2 c5 c7 c3 c6 r10
3 r3 r1 r2
1 r1
1 r1
2 r1 r2
1 c1
5 r1 r2 r4 r3 r5
1 r4
2 c1 c2
3 r3 r5 r13
1 r1
4 r3 r4 r1 r2
4 r4 r1 r2 r3
4 c3 c4 c2 c1
3 r2 r3 r1
5 r3 r11 r2 r4 r10
1 c1
4 c6 r12 r3 r13
1 r1
3 r7 r9 r10
6 r1 r6 r2 r3 r5 r4
2 c1 c2
8 r4 r7 r5 r1 r6 r8 r2 r3
2 c1 c2
1 r5
3 r3 r1 r4
6 r1 r5 r6 r4 r2 r3
1 c1
3 c2 c1 c3
1 r2
1 r3
8 r10 c10 r2 r4 r5 r13 r7 r12
1 r1
3 r5 c2 r2
5 r1 r3 r6 r2 r4
1 c1
3 c1 c3 r2
7 c8 r17 c6 r2 r6 r7 r13
6 r2 r3 r4 r7 r5 r6
2 r2 r5
8 r1 r2 r13 r5 r8 r9 r12 r18
9 r6 r3 r4 r7 r8 r1 r2 r5 r9
9 r7 r1 r2 r3 r6 r10 c1 r8 r9
6 r11 c8 r4 r3 r5 r14
7 r1 r2 r7 r10 c10 r9 r14
1 r9
10 c3 r4 r16 r3 r5 r12 r1 r2 r7 r13
3 c2 c3 c1
6 c6 r16 r7 r8 r13 r18
