1 0 0
2 1 0
4 2 1
7 5 3
13 10 8
24 21 18
46 42 39
89 85 81

175 170 166
346 341 336
688 682 677

1371 1365 1359
2737 2730 2724
5468 5461 5454

10930 10922 10915
21853 21845 21837
43699 43690 43682

87390 87381 87372
174772 174762 174753
349535 349525 349515
699061 699050 699040
1398112 1398101 1398090
2796214 2796202 2796191
5592417 5592405 5592393
11184823 11184810 11184798
22369634 22369621 22369608
44739256 44739242 44739229
89478499 89478485 89478471
178956985 178956970 178956956
357913956 357913941 357913926
