This is XeTeX, Version 3.14159265-2.6-0.999991 (TeX Live 2019) (preloaded format=xelatex 2019.5.19)  3 JUL 2019 23:41
entering extended mode
 restricted \write18 enabled.
 file:line:error style messages enabled.
 %&-line parsing enabled.
**README.tex
(./README.tex
LaTeX2e <2018-12-01>
(/usr/local/texlive/2019/texmf-dist/tex/latex/base/book.cls
Document Class: book 2018/09/03 v1.4i Standard LaTeX document class
(/usr/local/texlive/2019/texmf-dist/tex/latex/base/bk12.clo
File: bk12.clo 2018/09/03 v1.4i Standard LaTeX file (size option)
)
\c@part=\count80
\c@chapter=\count81
\c@section=\count82
\c@subsection=\count83
\c@subsubsection=\count84
\c@paragraph=\count85
\c@subparagraph=\count86
\c@figure=\count87
\c@table=\count88
\abovecaptionskip=\skip41
\belowcaptionskip=\skip42
\bibindent=\dimen102
) (/usr/local/texlive/2019/texmf-dist/tex/latex/graphics/graphicx.sty
Package: graphicx 2017/06/01 v1.1a Enhanced LaTeX Graphics (DPC,SPQR)
 (/usr/local/texlive/2019/texmf-dist/tex/latex/graphics/keyval.sty
Package: keyval 2014/10/28 v1.15 key=value parser (DPC)
\KV@toks@=\toks14
) (/usr/local/texlive/2019/texmf-dist/tex/latex/graphics/graphics.sty
Package: graphics 2017/06/25 v1.2c Standard LaTeX Graphics (DPC,SPQR)
 (/usr/local/texlive/2019/texmf-dist/tex/latex/graphics/trig.sty
Package: trig 2016/01/03 v1.10 sin cos tan (DPC)
) (/usr/local/texlive/2019/texmf-dist/tex/latex/graphics-cfg/graphics.cfg
File: graphics.cfg 2016/06/04 v1.11 sample graphics configuration
)
Package graphics Info: Driver file: xetex.def on input line 99.
 (/usr/local/texlive/2019/texmf-dist/tex/latex/graphics-def/xetex.def
File: xetex.def 2017/06/24 v5.0h Graphics/color driver for xetex
))
\Gin@req@height=\dimen103
\Gin@req@width=\dimen104
) (/usr/local/texlive/2019/texmf-dist/tex/latex/base/inputenc.sty
Package: inputenc 2018/08/11 v1.3c Input encoding file
\inpenc@prehook=\toks15
\inpenc@posthook=\toks16


Package inputenc Warning: inputenc package ignored with utf8 based engines.

) (/usr/local/texlive/2019/texmf-dist/tex/latex/geometry/geometry.sty
Package: geometry 2018/04/16 v5.8 Page Geometry
 (/usr/local/texlive/2019/texmf-dist/tex/generic/oberdiek/ifpdf.sty
Package: ifpdf 2018/09/07 v3.3 Provides the ifpdf switch
) (/usr/local/texlive/2019/texmf-dist/tex/generic/oberdiek/ifvtex.sty
Package: ifvtex 2016/05/16 v1.6 Detect VTeX and its facilities (HO)
Package ifvtex Info: VTeX not detected.
) (/usr/local/texlive/2019/texmf-dist/tex/generic/ifxetex/ifxetex.sty
Package: ifxetex 2010/09/12 v0.6 Provides ifxetex conditional
)
\Gm@cnth=\count89
\Gm@cntv=\count90
\c@Gm@tempcnt=\count91
\Gm@bindingoffset=\dimen105
\Gm@wd@mp=\dimen106
\Gm@odd@mp=\dimen107
\Gm@even@mp=\dimen108
\Gm@layoutwidth=\dimen109
\Gm@layoutheight=\dimen110
\Gm@layouthoffset=\dimen111
\Gm@layoutvoffset=\dimen112
\Gm@dimlist=\toks17
) (/usr/local/texlive/2019/texmf-dist/tex/latex/hyperref/hyperref.sty
Package: hyperref 2018/11/30 v6.88e Hypertext links for LaTeX
 (/usr/local/texlive/2019/texmf-dist/tex/generic/oberdiek/hobsub-hyperref.sty
Package: hobsub-hyperref 2016/05/16 v1.14 Bundle oberdiek, subset hyperref (HO)
 (/usr/local/texlive/2019/texmf-dist/tex/generic/oberdiek/hobsub-generic.sty
Package: hobsub-generic 2016/05/16 v1.14 Bundle oberdiek, subset generic (HO)
Package: hobsub 2016/05/16 v1.14 Construct package bundles (HO)
Package: infwarerr 2016/05/16 v1.4 Providing info/warning/error messages (HO)
Package: ltxcmds 2016/05/16 v1.23 LaTeX kernel commands for general use (HO)
Package: ifluatex 2016/05/16 v1.4 Provides the ifluatex switch (HO)
Package ifluatex Info: LuaTeX not detected.
Package hobsub Info: Skipping package `ifvtex' (already loaded).
Package: intcalc 2016/05/16 v1.2 Expandable calculations with integers (HO)
Package hobsub Info: Skipping package `ifpdf' (already loaded).
Package: etexcmds 2016/05/16 v1.6 Avoid name clashes with e-TeX commands (HO)
Package: kvsetkeys 2016/05/16 v1.17 Key value parser (HO)
Package: kvdefinekeys 2016/05/16 v1.4 Define keys (HO)
Package: pdftexcmds 2018/09/10 v0.29 Utility functions of pdfTeX for LuaTeX (HO)
Package pdftexcmds Info: LuaTeX not detected.
Package pdftexcmds Info: pdfTeX >= 1.30 not detected.
Package pdftexcmds Info: \pdf@primitive is available.
Package pdftexcmds Info: \pdf@ifprimitive is available.
Package pdftexcmds Info: \pdfdraftmode not found.
Package: pdfescape 2016/05/16 v1.14 Implements pdfTeX's escape features (HO)
Package: bigintcalc 2016/05/16 v1.4 Expandable calculations on big integers (HO)
Package: bitset 2016/05/16 v1.2 Handle bit-vector datatype (HO)
Package: uniquecounter 2016/05/16 v1.3 Provide unlimited unique counter (HO)
)
Package hobsub Info: Skipping package `hobsub' (already loaded).
Package: letltxmacro 2016/05/16 v1.5 Let assignment for LaTeX macros (HO)
Package: hopatch 2016/05/16 v1.3 Wrapper for package hooks (HO)
Package: xcolor-patch 2016/05/16 xcolor patch
Package: atveryend 2016/05/16 v1.9 Hooks at the very end of document (HO)
Package atveryend Info: \enddocument detected (standard20110627).
Package: atbegshi 2016/06/09 v1.18 At begin shipout hook (HO)
Package: refcount 2016/05/16 v3.5 Data extraction from label references (HO)
Package: hycolor 2016/05/16 v1.8 Color options for hyperref/bookmark (HO)
) (/usr/local/texlive/2019/texmf-dist/tex/latex/oberdiek/auxhook.sty
Package: auxhook 2016/05/16 v1.4 Hooks for auxiliary files (HO)
) (/usr/local/texlive/2019/texmf-dist/tex/latex/oberdiek/kvoptions.sty
Package: kvoptions 2016/05/16 v3.12 Key value format for package options (HO)
)
\@linkdim=\dimen113
\Hy@linkcounter=\count92
\Hy@pagecounter=\count93
 (/usr/local/texlive/2019/texmf-dist/tex/latex/hyperref/pd1enc.def
File: pd1enc.def 2018/11/30 v6.88e Hyperref: PDFDocEncoding definition (HO)
)
\Hy@SavedSpaceFactor=\count94
 (/usr/local/texlive/2019/texmf-dist/tex/latex/latexconfig/hyperref.cfg
File: hyperref.cfg 2002/06/06 v1.2 hyperref configuration of TeXLive
)
Package hyperref Info: Hyper figures OFF on input line 4519.
Package hyperref Info: Link nesting OFF on input line 4524.
Package hyperref Info: Hyper index ON on input line 4527.
Package hyperref Info: Plain pages OFF on input line 4534.
Package hyperref Info: Backreferencing OFF on input line 4539.
Package hyperref Info: Implicit mode ON; LaTeX internals redefined.
Package hyperref Info: Bookmarks ON on input line 4772.
\c@Hy@tempcnt=\count95
 (/usr/local/texlive/2019/texmf-dist/tex/latex/url/url.sty
\Urlmuskip=\muskip10
Package: url 2013/09/16  ver 3.4  Verb mode for urls, etc.
)
LaTeX Info: Redefining \url on input line 5125.
\XeTeXLinkMargin=\dimen114
\Fld@menulength=\count96
\Field@Width=\dimen115
\Fld@charsize=\dimen116
Package hyperref Info: Hyper figures OFF on input line 6380.
Package hyperref Info: Link nesting OFF on input line 6385.
Package hyperref Info: Hyper index ON on input line 6388.
Package hyperref Info: backreferencing OFF on input line 6395.
Package hyperref Info: Link coloring OFF on input line 6400.
Package hyperref Info: Link coloring with OCG OFF on input line 6405.
Package hyperref Info: PDF/A mode OFF on input line 6410.
LaTeX Info: Redefining \ref on input line 6450.
LaTeX Info: Redefining \pageref on input line 6454.
\Hy@abspage=\count97
\c@Item=\count98
\c@Hfootnote=\count99
)
Package hyperref Info: Driver (autodetected): hxetex.
 (/usr/local/texlive/2019/texmf-dist/tex/latex/hyperref/hxetex.def
File: hxetex.def 2018/11/30 v6.88e Hyperref driver for XeTeX
 (/usr/local/texlive/2019/texmf-dist/tex/latex/hyperref/puenc.def
File: puenc.def 2018/11/30 v6.88e Hyperref: PDF Unicode definition (HO)
) (/usr/local/texlive/2019/texmf-dist/tex/generic/oberdiek/stringenc.sty
Package: stringenc 2016/05/16 v1.11 Convert strings between diff. encodings (HO)
)
\pdfm@box=\box27
\c@Hy@AnnotLevel=\count100
\HyField@AnnotCount=\count101
\Fld@listcount=\count102
\c@bookmark@seq@number=\count103
 (/usr/local/texlive/2019/texmf-dist/tex/latex/oberdiek/rerunfilecheck.sty
Package: rerunfilecheck 2016/05/16 v1.8 Rerun checks for auxiliary files (HO)
Package uniquecounter Info: New unique counter `rerunfilecheck' on input line 282.
)
\Hy@SectionHShift=\skip43
) (/Users/roy4801/Desktop/Program/my code/FJU_ElPsyCongroo/codebook/.texpadtmp/README.aux)
\openout1 = `README.aux'.

LaTeX Font Info:    Checking defaults for OML/cmm/m/it on input line 13.
LaTeX Font Info:    ... okay on input line 13.
LaTeX Font Info:    Checking defaults for T1/cmr/m/n on input line 13.
LaTeX Font Info:    ... okay on input line 13.
LaTeX Font Info:    Checking defaults for OT1/cmr/m/n on input line 13.
LaTeX Font Info:    ... okay on input line 13.
LaTeX Font Info:    Checking defaults for OMS/cmsy/m/n on input line 13.
LaTeX Font Info:    ... okay on input line 13.
LaTeX Font Info:    Checking defaults for TU/lmr/m/n on input line 13.
LaTeX Font Info:    ... okay on input line 13.
LaTeX Font Info:    Checking defaults for OMX/cmex/m/n on input line 13.
LaTeX Font Info:    ... okay on input line 13.
LaTeX Font Info:    Checking defaults for U/cmr/m/n on input line 13.
LaTeX Font Info:    ... okay on input line 13.
LaTeX Font Info:    Checking defaults for PD1/pdf/m/n on input line 13.
LaTeX Font Info:    ... okay on input line 13.
LaTeX Font Info:    Checking defaults for PU/pdf/m/n on input line 13.
LaTeX Font Info:    ... okay on input line 13.

*geometry* driver: auto-detecting
*geometry* detected driver: xetex
*geometry* verbose mode - [ preamble ] result:
* driver: xetex
* paper: a4paper
* layout: <same size as paper>
* layoutoffset:(h,v)=(0.0pt,0.0pt)
* modes: twoside 
* h-part:(L,W,R)=(36.135pt, 525.23788pt, 36.135pt)
* v-part:(T,H,B)=(21.68121pt, 801.68442pt, 21.68121pt)
* \paperwidth=597.50787pt
* \paperheight=845.04684pt
* \textwidth=525.23788pt
* \textheight=801.68442pt
* \oddsidemargin=-36.135pt
* \evensidemargin=-36.135pt
* \topmargin=-82.46257pt
* \headheight=12.0pt
* \headsep=19.8738pt
* \topskip=12.0pt
* \footskip=30.0pt
* \marginparwidth=98.0pt
* \marginparsep=7.0pt
* \columnsep=10.0pt
* \skip\footins=10.8pt plus 4.0pt minus 2.0pt
* \hoffset=0.0pt
* \voffset=0.0pt
* \mag=1000
* \@twocolumnfalse
* \@twosidetrue
* \@mparswitchtrue
* \@reversemarginfalse
* (1in=72.27pt=25.4mm, 1cm=28.453pt)

\AtBeginShipoutBox=\box28
Package hyperref Info: Link coloring OFF on input line 13.
(/usr/local/texlive/2019/texmf-dist/tex/latex/hyperref/nameref.sty
Package: nameref 2016/05/21 v2.44 Cross-referencing by name of section
 (/usr/local/texlive/2019/texmf-dist/tex/generic/oberdiek/gettitlestring.sty
Package: gettitlestring 2016/05/16 v1.5 Cleanup title references (HO)
)
\c@section@level=\count104
)
LaTeX Info: Redefining \ref on input line 13.
LaTeX Info: Redefining \pageref on input line 13.
LaTeX Info: Redefining \nameref on input line 13.
 (/Users/roy4801/Desktop/Program/my code/FJU_ElPsyCongroo/codebook/.texpadtmp/README.out) (/Users/roy4801/Desktop/Program/my code/FJU_ElPsyCongroo/codebook/.texpadtmp/README.out)
\@outlinefile=\write3
\openout3 = `README.out'.

Missing character: There is no 最 in font [lmsans17-regular]:mapping=tex-text;!
Missing character: There is no 後 in font [lmsans17-regular]:mapping=tex-text;!
Missing character: There is no 更 in font [lmsans17-regular]:mapping=tex-text;!
Missing character: There is no 新 in font [lmsans17-regular]:mapping=tex-text;!
Missing character: There is no ： in font [lmsans17-regular]:mapping=tex-text;!
Missing character: There is no 檔 in font [lmsans10-bold]:mapping=tex-text;!
Missing character: There is no 案 in font [lmsans10-bold]:mapping=tex-text;!
Missing character: There is no 命 in font [lmsans10-bold]:mapping=tex-text;!
Missing character: There is no 名 in font [lmsans10-bold]:mapping=tex-text;!
Missing character: There is no 規 in font [lmsans10-bold]:mapping=tex-text;!
Missing character: There is no 則 in font [lmsans10-bold]:mapping=tex-text;!
Missing character: There is no 主 in font [lmsans17-regular]:mapping=tex-text;!
Missing character: There is no 要 in font [lmsans17-regular]:mapping=tex-text;!
Missing character: There is no 程 in font [lmsans17-regular]:mapping=tex-text;!
Missing character: There is no 式 in font [lmsans17-regular]:mapping=tex-text;!
Missing character: There is no 碼 in font [lmsans17-regular]:mapping=tex-text;!
Missing character: There is no 撰 in font [lmsans17-regular]:mapping=tex-text;!
Missing character: There is no 寫 in font [lmsans17-regular]:mapping=tex-text;!
Missing character: There is no 在 in font [lmsans17-regular]:mapping=tex-text;!
LaTeX Font Info:    External font `cmex10' loaded for size
(Font)              <17.28> on input line 24.
LaTeX Font Info:    External font `cmex10' loaded for size
(Font)              <12> on input line 24.
Missing character: There is no 名 in font [lmmono12-regular]:!
Missing character: There is no 稱 in font [lmmono12-regular]:!
Missing character: There is no 裡 in font [lmsans17-regular]:mapping=tex-text;!
Missing character: There is no 頭 in font [lmsans17-regular]:mapping=tex-text;!
Missing character: There is no ， in font [lmsans17-regular]:mapping=tex-text;!
Missing character: There is no 測 in font [lmsans17-regular]:mapping=tex-text;!
Missing character: There is no 試 in font [lmsans17-regular]:mapping=tex-text;!
Missing character: There is no 文 in font [lmsans17-regular]:mapping=tex-text;!
Missing character: There is no 件 in font [lmsans17-regular]:mapping=tex-text;!
Missing character: There is no 請 in font [lmsans17-regular]:mapping=tex-text;!
Missing character: There is no 命 in font [lmsans17-regular]:mapping=tex-text;!
Missing character: There is no 名 in font [lmsans17-regular]:mapping=tex-text;!
Missing character: There is no 名 in font [lmmono12-regular]:!
Missing character: There is no 稱 in font [lmmono12-regular]:!
Missing character: There is no 數 in font [lmmono12-regular]:!
Missing character: There is no 字 in font [lmmono12-regular]:!
Missing character: There is no 角 in font [lmsans17-regular]:mapping=tex-text;!
Missing character: There is no 括 in font [lmsans17-regular]:mapping=tex-text;!
Missing character: There is no 號 in font [lmsans17-regular]:mapping=tex-text;!
Missing character: There is no 一 in font [lmsans17-regular]:mapping=tex-text;!
Missing character: There is no 定 in font [lmsans17-regular]:mapping=tex-text;!
Missing character: There is no 得 in font [lmsans17-regular]:mapping=tex-text;!
Missing character: There is no 加 in font [lmsans17-regular]:mapping=tex-text;!
Missing character: There is no ， in font [lmsans17-regular]:mapping=tex-text;!
Missing character: There is no 中 in font [lmsans17-regular]:mapping=tex-text;!
Missing character: There is no 括 in font [lmsans17-regular]:mapping=tex-text;!
Missing character: There is no 號 in font [lmsans17-regular]:mapping=tex-text;!
Missing character: There is no 可 in font [lmsans17-regular]:mapping=tex-text;!
Missing character: There is no 加 in font [lmsans17-regular]:mapping=tex-text;!
Missing character: There is no 可 in font [lmsans17-regular]:mapping=tex-text;!
Missing character: There is no 不 in font [lmsans17-regular]:mapping=tex-text;!
Missing character: There is no 加 in font [lmsans17-regular]:mapping=tex-text;!
Missing character: There is no 基 in font [lmsans10-bold]:mapping=tex-text;!
Missing character: There is no 本 in font [lmsans10-bold]:mapping=tex-text;!
Missing character: There is no 資 in font [lmsans10-bold]:mapping=tex-text;!
Missing character: There is no 料 in font [lmsans10-bold]:mapping=tex-text;!
Missing character: There is no 結 in font [lmsans10-bold]:mapping=tex-text;!
Missing character: There is no 構 in font [lmsans10-bold]:mapping=tex-text;!
Missing character: There is no 簡 in font [lmsans17-regular]:mapping=tex-text;!
Missing character: There is no 單 in font [lmsans17-regular]:mapping=tex-text;!
Missing character: There is no 版 in font [lmsans17-regular]:mapping=tex-text;!
Missing character: There is no 模 in font [lmsans17-regular]:mapping=tex-text;!
Missing character: There is no 板 in font [lmsans17-regular]:mapping=tex-text;!
Missing character: There is no 用 in font [lmsans17-regular]:mapping=tex-text;!
Missing character: There is no 法 in font [lmsans17-regular]:mapping=tex-text;!
Missing character: There is no 簡 in font [lmsans17-regular]:mapping=tex-text;!
Missing character: There is no 單 in font [lmsans17-regular]:mapping=tex-text;!
Missing character: There is no 版 in font [lmsans17-regular]:mapping=tex-text;!
Missing character: There is no 模 in font [lmsans17-regular]:mapping=tex-text;!
Missing character: There is no 板 in font [lmsans17-regular]:mapping=tex-text;!
Missing character: There is no 測 in font [lmsans17-regular]:mapping=tex-text;!
Missing character: There is no 試 in font [lmsans17-regular]:mapping=tex-text;!
Missing character: There is no 用 in font [lmsans17-regular]:mapping=tex-text;!
Missing character: There is no 法 in font [lmsans17-regular]:mapping=tex-text;!
Missing character: There is no 簡 in font [lmsans17-regular]:mapping=tex-text;!
Missing character: There is no 單 in font [lmsans17-regular]:mapping=tex-text;!
Missing character: There is no 版 in font [lmsans17-regular]:mapping=tex-text;!
Missing character: There is no 單 in font [lmsans17-regular]:mapping=tex-text;!
Missing character: There is no 向 in font [lmsans17-regular]:mapping=tex-text;!
Missing character: There is no 、 in font [lmsans17-regular]:mapping=tex-text;!
Missing character: There is no 雙 in font [lmsans17-regular]:mapping=tex-text;!
Missing character: There is no 向 in font [lmsans17-regular]:mapping=tex-text;!
Missing character: There is no 模 in font [lmsans17-regular]:mapping=tex-text;!
Missing character: There is no 板 in font [lmsans17-regular]:mapping=tex-text;!
Missing character: There is no 用 in font [lmsans17-regular]:mapping=tex-text;!
Missing character: There is no 法 in font [lmsans17-regular]:mapping=tex-text;!
Missing character: There is no 簡 in font [lmsans17-regular]:mapping=tex-text;!
Missing character: There is no 單 in font [lmsans17-regular]:mapping=tex-text;!
Missing character: There is no 版 in font [lmsans17-regular]:mapping=tex-text;!
Missing character: There is no 模 in font [lmsans17-regular]:mapping=tex-text;!
Missing character: There is no 板 in font [lmsans17-regular]:mapping=tex-text;!
Missing character: There is no 質 in font [lmsans17-regular]:mapping=tex-text;!
Missing character: There is no 數 in font [lmsans17-regular]:mapping=tex-text;!
 (/usr/local/texlive/2019/texmf-dist/tex/generic/oberdiek/se-ascii-print.def
File: se-ascii-print.def 2016/05/16 v1.11 stringenc: Printable ASCII characters
) [1

]
Missing character: There is no 篩 in font [lmsans17-regular]:mapping=tex-text;!
Missing character: There is no 法 in font [lmsans17-regular]:mapping=tex-text;!
Missing character: There is no 擴 in font [lmsans17-regular]:mapping=tex-text;!
Missing character: There is no 展 in font [lmsans17-regular]:mapping=tex-text;!
Missing character: There is no 歐 in font [lmsans17-regular]:mapping=tex-text;!
Missing character: There is no 幾 in font [lmsans17-regular]:mapping=tex-text;!
Missing character: There is no 里 in font [lmsans17-regular]:mapping=tex-text;!
Missing character: There is no 得 in font [lmsans17-regular]:mapping=tex-text;!
Missing character: There is no 最 in font [lmsans17-regular]:mapping=tex-text;!
Missing character: There is no 短 in font [lmsans17-regular]:mapping=tex-text;!
Missing character: There is no 路 in font [lmsans17-regular]:mapping=tex-text;!
Missing character: There is no 最 in font [lmsans17-regular]:mapping=tex-text;!
Missing character: There is no 小 in font [lmsans17-regular]:mapping=tex-text;!
Missing character: There is no 生 in font [lmsans17-regular]:mapping=tex-text;!
Missing character: There is no 成 in font [lmsans17-regular]:mapping=tex-text;!
Missing character: There is no 樹 in font [lmsans17-regular]:mapping=tex-text;!
Missing character: There is no 模 in font [lmsans17-regular]:mapping=tex-text;!
Missing character: There is no 板 in font [lmsans17-regular]:mapping=tex-text;!
Missing character: There is no 模 in font [lmsans17-regular]:mapping=tex-text;!
Missing character: There is no 板 in font [lmsans17-regular]:mapping=tex-text;!
 [2]
Missing character: There is no 其 in font [lmsans10-bold]:mapping=tex-text;!
Missing character: There is no 他 in font [lmsans10-bold]:mapping=tex-text;!
Missing character: There is no 大 in font [lmsans17-regular]:mapping=tex-text;!
Missing character: There is no 數 in font [lmsans17-regular]:mapping=tex-text;!
Package atveryend Info: Empty hook `BeforeClearDocument' on input line 157.
 [3]
Package atveryend Info: Empty hook `AfterLastShipout' on input line 157.
 (/Users/roy4801/Desktop/Program/my code/FJU_ElPsyCongroo/codebook/.texpadtmp/README.aux)
Package atveryend Info: Empty hook `AtVeryEndDocument' on input line 157.
Package atveryend Info: Executing hook `AtEndAfterFileList' on input line 157.
Package rerunfilecheck Info: File `README.out' has not changed.
(rerunfilecheck)             Checksum: .
Package atveryend Info: Empty hook `AtVeryVeryEnd' on input line 157.
 ) 
Here is how much of TeX's memory you used:
 8487 strings out of 492916
 120532 string characters out of 6133345
 204341 words of memory out of 5000000
 12520 multiletter control sequences out of 15000+600000
 5891 words of font info for 29 fonts, out of 8000000 for 9000
 1348 hyphenation exceptions out of 8191
 28i,4n,23p,210b,436s stack positions out of 5000i,500n,10000p,200000b,80000s

Output written on /Users/roy4801/Desktop/Program/my code/FJU_ElPsyCongroo/codebook/.texpadtmp/README.pdf (3 pages).
