Head:12 
Last:12 

Head:12 45 
Last:45 12 

Head:12 12 45 
Last:45 12 12 

Head:12 12 13 45 
Last:45 13 12 12 

Head:12 12 13 14 45 
Last:45 14 13 12 12 

Head:12 13 14 45 
Last:45 14 13 12 

Head:12 13 13 14 45 
Last:45 14 13 13 12 

Head:12 13 13 45 
Last:45 13 13 12 

Head:12 13 13 45 
Last:45 13 13 12 

Head:12 13 13 45 45 
Last:45 45 13 13 12 

Head:12 13 13 45 
Last:45 13 13 12 

Head:12 13 13 45 87 
Last:87 45 13 13 12 

Head:12 13 45 87 
Last:87 45 13 12 

Head:12 13 45 45 87 
Last:87 45 45 13 12 

Head:12 13 45 45 87 
Last:87 45 45 13 12 

Head:13 45 45 87 
Last:87 45 45 13 

Head:1 13 45 45 87 
Last:87 45 45 13 1 

Head:1 2 13 45 45 87 
Last:87 45 45 13 2 1 

Head:1 2 3 13 45 45 87 
Last:87 45 45 13 3 2 1 

Head:1 2 3 45 45 87 
Last:87 45 45 3 2 1 

Head:1 2 3 45 87 
Last:87 45 3 2 1 

Head:1 2 3 87 
Last:87 3 2 1 

Head:1 2 3 
Last:3 2 1 

Head:2 3 
Last:3 2 

Head:2 
Last:2 

Head:NULL
Last:NULL

Head:1 
Last:1 

Head:NULL
Last:NULL

Head:2 
Last:2 

Head:NULL
Last:NULL

