One_Head:1 
One_Last:1 

One_Head:1 2 
One_Last:2 1 

One_Head:1 2 3 
One_Last:3 2 1 

One_Head:1 2 3 4 
One_Last:4 3 2 1 

One_Head:1 2 3 4 5 
One_Last:5 4 3 2 1 

One_Head:1 2 3 4 5 6 
One_Last:6 5 4 3 2 1 

One_Head:1 2 3 4 5 6 7 
One_Last:7 6 5 4 3 2 1 

One_Head:1 2 3 4 5 6 7 8 
One_Last:8 7 6 5 4 3 2 1 

One_Head:1 2 3 4 5 6 7 8 9 
One_Last:9 8 7 6 5 4 3 2 1 

Two_Head:5 
Two_Last:5 

Two_Head:5 6 
Two_Last:6 5 

Two_Head:5 6 7 
Two_Last:7 6 5 

Two_Head:5 6 7 8 
Two_Last:8 7 6 5 

Two_Head:5 6 7 8 9 
Two_Last:9 8 7 6 5 

Two_Head:1 5 6 7 8 9 
Two_Last:9 8 7 6 5 1 

Two_Head:1 2 5 6 7 8 9 
Two_Last:9 8 7 6 5 2 1 

Two_Head:1 2 3 5 6 7 8 9 
Two_Last:9 8 7 6 5 3 2 1 

Two_Head:1 2 3 4 5 6 7 8 9 
Two_Last:9 8 7 6 5 4 3 2 1 

One_Head:1 2 3 4 5 6 7 8 9 
One_Last:9 8 7 6 5 4 3 2 1 

Two_Head:1 2 3 4 5 6 7 8 9 
Two_Last:9 8 7 6 5 4 3 2 1 

Mix_Head:1 1 2 2 3 3 4 4 5 5 6 6 7 7 8 8 9 9 
Mix_Last:9 9 8 8 7 7 6 6 5 5 4 4 3 3 2 2 1 1 

One_Head:1 1 2 2 3 3 4 4 5 5 6 6 7 7 8 8 9 9 
One_Last:9 9 8 8 7 7 6 6 5 5 4 4 3 3 2 2 1 1 

Two_Head:NULL
Two_Last:NULL

Two_Head:5 
Two_Last:5 

Two_Head:5 6 
Two_Last:6 5 

Two_Head:5 6 7 
Two_Last:7 6 5 

Two_Head:5 6 7 8 
Two_Last:8 7 6 5 

Two_Head:5 6 7 8 9 
Two_Last:9 8 7 6 5 

Two_Head:1 5 6 7 8 9 
Two_Last:9 8 7 6 5 1 

Two_Head:1 2 5 6 7 8 9 
Two_Last:9 8 7 6 5 2 1 

Two_Head:1 2 3 5 6 7 8 9 
Two_Last:9 8 7 6 5 3 2 1 

Two_Head:1 2 3 4 5 6 7 8 9 
Two_Last:9 8 7 6 5 4 3 2 1 

One_Head:1 1 2 2 3 3 4 4 5 5 6 6 7 7 8 8 9 9 
One_Last:9 9 8 8 7 7 6 6 5 5 4 4 3 3 2 2 1 1 

Two_Head:1 2 3 4 5 6 7 8 9 
Two_Last:9 8 7 6 5 4 3 2 1 

Cut_One_Head:1 2 3 4 5 6 7 8 9 
Cut_One_Last:9 8 7 6 5 4 3 2 1 

One_Head:1 2 3 4 5 6 7 8 9 
One_Last:9 8 7 6 5 4 3 2 1 

Two_Head:NULL
Two_Last:NULL

Two_Head:9 
Two_Last:9 

Two_Head:1 9 
Two_Last:9 1 

Two_Head:1 2 9 
Two_Last:9 2 1 

Two_Head:1 2 5 9 
Two_Last:9 5 2 1 

Two_Head:1 2 5 6 9 
Two_Last:9 6 5 2 1 

Two_Head:1 2 5 6 7 9 
Two_Last:9 7 6 5 2 1 

Two_Head:1 2 5 6 7 8 9 
Two_Last:9 8 7 6 5 2 1 

Two_Head:1 2 5 6 7 8 9 9 
Two_Last:9 9 8 7 6 5 2 1 

Two_Head:1 1 2 5 6 7 8 9 9 
Two_Last:9 9 8 7 6 5 2 1 1 

Two_Head:1 1 2 2 5 6 7 8 9 9 
Two_Last:9 9 8 7 6 5 2 2 1 1 

Two_Head:1 1 2 2 3 5 6 7 8 9 9 
Two_Last:9 9 8 7 6 5 3 2 2 1 1 

Two_Head:1 1 2 2 3 4 5 6 7 8 9 9 
Two_Last:9 9 8 7 6 5 4 3 2 2 1 1 

Two_Head:1 1 2 2 3 3 4 5 6 7 8 9 9 
Two_Last:9 9 8 7 6 5 4 3 3 2 2 1 1 

Two_Head:1 1 2 2 3 3 4 4 5 6 7 8 9 9 
Two_Last:9 9 8 7 6 5 4 4 3 3 2 2 1 1 

One_Head:1 2 3 4 5 6 7 8 9 
One_Last:9 8 7 6 5 4 3 2 1 

Two_Head:1 1 2 2 3 3 4 4 5 6 7 8 9 9 
Two_Last:9 9 8 7 6 5 4 4 3 3 2 2 1 1 

Cut_Two_Head:1 2 3 4 9 
Cut_Two_Last:9 4 3 2 1 

One_Head:NULL
One_Last:NULL

Two_Head:1 2 3 4 9 
Two_Last:9 4 3 2 1 

