0 -1 -1 -1 -1 -1 -1 -1 -1 -1 
1 -1 -1 -1 -1 -1 -1 -1 -1 -1 
0 0 -1 -1 -1 -1 -1 -1 -1 -1 
1 0 -1 -1 -1 -1 -1 -1 -1 -1 
0 1 -1 -1 -1 -1 -1 -1 -1 -1 
1 1 -1 -1 -1 -1 -1 -1 -1 -1 
0 0 0 -1 -1 -1 -1 -1 -1 -1 
1 0 0 -1 -1 -1 -1 -1 -1 -1 
0 1 0 -1 -1 -1 -1 -1 -1 -1 
1 1 0 -1 -1 -1 -1 -1 -1 -1 
0 0 1 -1 -1 -1 -1 -1 -1 -1 
1 0 1 -1 -1 -1 -1 -1 -1 -1 
0 1 1 -1 -1 -1 -1 -1 -1 -1 
1 1 1 -1 -1 -1 -1 -1 -1 -1 
0 0 0 0 -1 -1 -1 -1 -1 -1 
1 0 0 0 -1 -1 -1 -1 -1 -1 
0 1 0 0 -1 -1 -1 -1 -1 -1 
1 1 0 0 -1 -1 -1 -1 -1 -1 
0 0 1 0 -1 -1 -1 -1 -1 -1 
1 0 1 0 -1 -1 -1 -1 -1 -1 
0 1 1 0 -1 -1 -1 -1 -1 -1 
1 1 1 0 -1 -1 -1 -1 -1 -1 
0 0 0 1 -1 -1 -1 -1 -1 -1 
1 0 0 1 -1 -1 -1 -1 -1 -1 
0 1 0 1 -1 -1 -1 -1 -1 -1 
1 1 0 1 -1 -1 -1 -1 -1 -1 
0 0 1 1 -1 -1 -1 -1 -1 -1 
1 0 1 1 -1 -1 -1 -1 -1 -1 
0 1 1 1 -1 -1 -1 -1 -1 -1 
1 1 1 1 -1 -1 -1 -1 -1 -1 
0 0 0 0 0 -1 -1 -1 -1 -1 
1 0 0 0 0 -1 -1 -1 -1 -1 
0 1 0 0 0 -1 -1 -1 -1 -1 
1 1 0 0 0 -1 -1 -1 -1 -1 
0 0 1 0 0 -1 -1 -1 -1 -1 
1 0 1 0 0 -1 -1 -1 -1 -1 
0 1 1 0 0 -1 -1 -1 -1 -1 
1 1 1 0 0 -1 -1 -1 -1 -1 
0 0 0 1 0 -1 -1 -1 -1 -1 
1 0 0 1 0 -1 -1 -1 -1 -1 
0 1 0 1 0 -1 -1 -1 -1 -1 
1 1 0 1 0 -1 -1 -1 -1 -1 
0 0 1 1 0 -1 -1 -1 -1 -1 
1 0 1 1 0 -1 -1 -1 -1 -1 
0 1 1 1 0 -1 -1 -1 -1 -1 
1 1 1 1 0 -1 -1 -1 -1 -1 
0 0 0 0 1 -1 -1 -1 -1 -1 
1 0 0 0 1 -1 -1 -1 -1 -1 
0 1 0 0 1 -1 -1 -1 -1 -1 
1 1 0 0 1 -1 -1 -1 -1 -1 
0 0 1 0 1 -1 -1 -1 -1 -1 
1 0 1 0 1 -1 -1 -1 -1 -1 
0 1 1 0 1 -1 -1 -1 -1 -1 
1 1 1 0 1 -1 -1 -1 -1 -1 
0 0 0 1 1 -1 -1 -1 -1 -1 
1 0 0 1 1 -1 -1 -1 -1 -1 
0 1 0 1 1 -1 -1 -1 -1 -1 
1 1 0 1 1 -1 -1 -1 -1 -1 
0 0 1 1 1 -1 -1 -1 -1 -1 
1 0 1 1 1 -1 -1 -1 -1 -1 
0 1 1 1 1 -1 -1 -1 -1 -1 
1 1 1 1 1 -1 -1 -1 -1 -1 
0 0 0 0 0 0 -1 -1 -1 -1 
1 0 0 0 0 0 -1 -1 -1 -1 
0 1 0 0 0 0 -1 -1 -1 -1 
1 1 0 0 0 0 -1 -1 -1 -1 
0 0 1 0 0 0 -1 -1 -1 -1 
1 0 1 0 0 0 -1 -1 -1 -1 
0 1 1 0 0 0 -1 -1 -1 -1 
1 1 1 0 0 0 -1 -1 -1 -1 
0 0 0 1 0 0 -1 -1 -1 -1 
1 0 0 1 0 0 -1 -1 -1 -1 
0 1 0 1 0 0 -1 -1 -1 -1 
1 1 0 1 0 0 -1 -1 -1 -1 
0 0 1 1 0 0 -1 -1 -1 -1 
1 0 1 1 0 0 -1 -1 -1 -1 
0 1 1 1 0 0 -1 -1 -1 -1 
1 1 1 1 0 0 -1 -1 -1 -1 
0 0 0 0 1 0 -1 -1 -1 -1 
1 0 0 0 1 0 -1 -1 -1 -1 
0 1 0 0 1 0 -1 -1 -1 -1 
1 1 0 0 1 0 -1 -1 -1 -1 
0 0 1 0 1 0 -1 -1 -1 -1 
1 0 1 0 1 0 -1 -1 -1 -1 
0 1 1 0 1 0 -1 -1 -1 -1 
1 1 1 0 1 0 -1 -1 -1 -1 
0 0 0 1 1 0 -1 -1 -1 -1 
1 0 0 1 1 0 -1 -1 -1 -1 
0 1 0 1 1 0 -1 -1 -1 -1 
1 1 0 1 1 0 -1 -1 -1 -1 
0 0 1 1 1 0 -1 -1 -1 -1 
1 0 1 1 1 0 -1 -1 -1 -1 
0 1 1 1 1 0 -1 -1 -1 -1 
1 1 1 1 1 0 -1 -1 -1 -1 
0 0 0 0 0 1 -1 -1 -1 -1 
1 0 0 0 0 1 -1 -1 -1 -1 
0 1 0 0 0 1 -1 -1 -1 -1 
1 1 0 0 0 1 -1 -1 -1 -1 
0 0 1 0 0 1 -1 -1 -1 -1 
1 0 1 0 0 1 -1 -1 -1 -1 
0 1 1 0 0 1 -1 -1 -1 -1 
1 1 1 0 0 1 -1 -1 -1 -1 
0 0 0 1 0 1 -1 -1 -1 -1 
1 0 0 1 0 1 -1 -1 -1 -1 
0 1 0 1 0 1 -1 -1 -1 -1 
1 1 0 1 0 1 -1 -1 -1 -1 
0 0 1 1 0 1 -1 -1 -1 -1 
1 0 1 1 0 1 -1 -1 -1 -1 
0 1 1 1 0 1 -1 -1 -1 -1 
1 1 1 1 0 1 -1 -1 -1 -1 
0 0 0 0 1 1 -1 -1 -1 -1 
1 0 0 0 1 1 -1 -1 -1 -1 
0 1 0 0 1 1 -1 -1 -1 -1 
1 1 0 0 1 1 -1 -1 -1 -1 
0 0 1 0 1 1 -1 -1 -1 -1 
1 0 1 0 1 1 -1 -1 -1 -1 
0 1 1 0 1 1 -1 -1 -1 -1 
1 1 1 0 1 1 -1 -1 -1 -1 
0 0 0 1 1 1 -1 -1 -1 -1 
1 0 0 1 1 1 -1 -1 -1 -1 
0 1 0 1 1 1 -1 -1 -1 -1 
1 1 0 1 1 1 -1 -1 -1 -1 
0 0 1 1 1 1 -1 -1 -1 -1 
1 0 1 1 1 1 -1 -1 -1 -1 
0 1 1 1 1 1 -1 -1 -1 -1 
1 1 1 1 1 1 -1 -1 -1 -1 
0 0 0 0 0 0 0 -1 -1 -1 
1 0 0 0 0 0 0 -1 -1 -1 
0 1 0 0 0 0 0 -1 -1 -1 
1 1 0 0 0 0 0 -1 -1 -1 
0 0 1 0 0 0 0 -1 -1 -1 
1 0 1 0 0 0 0 -1 -1 -1 
0 1 1 0 0 0 0 -1 -1 -1 
1 1 1 0 0 0 0 -1 -1 -1 
0 0 0 1 0 0 0 -1 -1 -1 
1 0 0 1 0 0 0 -1 -1 -1 
0 1 0 1 0 0 0 -1 -1 -1 
1 1 0 1 0 0 0 -1 -1 -1 
0 0 1 1 0 0 0 -1 -1 -1 
1 0 1 1 0 0 0 -1 -1 -1 
0 1 1 1 0 0 0 -1 -1 -1 
1 1 1 1 0 0 0 -1 -1 -1 
0 0 0 0 1 0 0 -1 -1 -1 
1 0 0 0 1 0 0 -1 -1 -1 
0 1 0 0 1 0 0 -1 -1 -1 
1 1 0 0 1 0 0 -1 -1 -1 
0 0 1 0 1 0 0 -1 -1 -1 
1 0 1 0 1 0 0 -1 -1 -1 
0 1 1 0 1 0 0 -1 -1 -1 
1 1 1 0 1 0 0 -1 -1 -1 
0 0 0 1 1 0 0 -1 -1 -1 
1 0 0 1 1 0 0 -1 -1 -1 
0 1 0 1 1 0 0 -1 -1 -1 
1 1 0 1 1 0 0 -1 -1 -1 
0 0 1 1 1 0 0 -1 -1 -1 
1 0 1 1 1 0 0 -1 -1 -1 
0 1 1 1 1 0 0 -1 -1 -1 
1 1 1 1 1 0 0 -1 -1 -1 
0 0 0 0 0 1 0 -1 -1 -1 
1 0 0 0 0 1 0 -1 -1 -1 
0 1 0 0 0 1 0 -1 -1 -1 
1 1 0 0 0 1 0 -1 -1 -1 
0 0 1 0 0 1 0 -1 -1 -1 
1 0 1 0 0 1 0 -1 -1 -1 
0 1 1 0 0 1 0 -1 -1 -1 
1 1 1 0 0 1 0 -1 -1 -1 
0 0 0 1 0 1 0 -1 -1 -1 
1 0 0 1 0 1 0 -1 -1 -1 
0 1 0 1 0 1 0 -1 -1 -1 
1 1 0 1 0 1 0 -1 -1 -1 
0 0 1 1 0 1 0 -1 -1 -1 
1 0 1 1 0 1 0 -1 -1 -1 
0 1 1 1 0 1 0 -1 -1 -1 
1 1 1 1 0 1 0 -1 -1 -1 
0 0 0 0 1 1 0 -1 -1 -1 
1 0 0 0 1 1 0 -1 -1 -1 
0 1 0 0 1 1 0 -1 -1 -1 
1 1 0 0 1 1 0 -1 -1 -1 
0 0 1 0 1 1 0 -1 -1 -1 
1 0 1 0 1 1 0 -1 -1 -1 
0 1 1 0 1 1 0 -1 -1 -1 
1 1 1 0 1 1 0 -1 -1 -1 
0 0 0 1 1 1 0 -1 -1 -1 
1 0 0 1 1 1 0 -1 -1 -1 
0 1 0 1 1 1 0 -1 -1 -1 
1 1 0 1 1 1 0 -1 -1 -1 
0 0 1 1 1 1 0 -1 -1 -1 
1 0 1 1 1 1 0 -1 -1 -1 
0 1 1 1 1 1 0 -1 -1 -1 
1 1 1 1 1 1 0 -1 -1 -1 
0 0 0 0 0 0 1 -1 -1 -1 
1 0 0 0 0 0 1 -1 -1 -1 
0 1 0 0 0 0 1 -1 -1 -1 
1 1 0 0 0 0 1 -1 -1 -1 
0 0 1 0 0 0 1 -1 -1 -1 
1 0 1 0 0 0 1 -1 -1 -1 
0 1 1 0 0 0 1 -1 -1 -1 
1 1 1 0 0 0 1 -1 -1 -1 
0 0 0 1 0 0 1 -1 -1 -1 
1 0 0 1 0 0 1 -1 -1 -1 
0 1 0 1 0 0 1 -1 -1 -1 
1 1 0 1 0 0 1 -1 -1 -1 
0 0 1 1 0 0 1 -1 -1 -1 
1 0 1 1 0 0 1 -1 -1 -1 
0 1 1 1 0 0 1 -1 -1 -1 
1 1 1 1 0 0 1 -1 -1 -1 
0 0 0 0 1 0 1 -1 -1 -1 
1 0 0 0 1 0 1 -1 -1 -1 
0 1 0 0 1 0 1 -1 -1 -1 
1 1 0 0 1 0 1 -1 -1 -1 
0 0 1 0 1 0 1 -1 -1 -1 
1 0 1 0 1 0 1 -1 -1 -1 
0 1 1 0 1 0 1 -1 -1 -1 
1 1 1 0 1 0 1 -1 -1 -1 
0 0 0 1 1 0 1 -1 -1 -1 
1 0 0 1 1 0 1 -1 -1 -1 
0 1 0 1 1 0 1 -1 -1 -1 
1 1 0 1 1 0 1 -1 -1 -1 
0 0 1 1 1 0 1 -1 -1 -1 
1 0 1 1 1 0 1 -1 -1 -1 
0 1 1 1 1 0 1 -1 -1 -1 
1 1 1 1 1 0 1 -1 -1 -1 
0 0 0 0 0 1 1 -1 -1 -1 
1 0 0 0 0 1 1 -1 -1 -1 
0 1 0 0 0 1 1 -1 -1 -1 
1 1 0 0 0 1 1 -1 -1 -1 
0 0 1 0 0 1 1 -1 -1 -1 
1 0 1 0 0 1 1 -1 -1 -1 
0 1 1 0 0 1 1 -1 -1 -1 
1 1 1 0 0 1 1 -1 -1 -1 
0 0 0 1 0 1 1 -1 -1 -1 
1 0 0 1 0 1 1 -1 -1 -1 
0 1 0 1 0 1 1 -1 -1 -1 
1 1 0 1 0 1 1 -1 -1 -1 
0 0 1 1 0 1 1 -1 -1 -1 
1 0 1 1 0 1 1 -1 -1 -1 
0 1 1 1 0 1 1 -1 -1 -1 
1 1 1 1 0 1 1 -1 -1 -1 
0 0 0 0 1 1 1 -1 -1 -1 
1 0 0 0 1 1 1 -1 -1 -1 
0 1 0 0 1 1 1 -1 -1 -1 
1 1 0 0 1 1 1 -1 -1 -1 
0 0 1 0 1 1 1 -1 -1 -1 
1 0 1 0 1 1 1 -1 -1 -1 
0 1 1 0 1 1 1 -1 -1 -1 
1 1 1 0 1 1 1 -1 -1 -1 
0 0 0 1 1 1 1 -1 -1 -1 
1 0 0 1 1 1 1 -1 -1 -1 
0 1 0 1 1 1 1 -1 -1 -1 
1 1 0 1 1 1 1 -1 -1 -1 
0 0 1 1 1 1 1 -1 -1 -1 
1 0 1 1 1 1 1 -1 -1 -1 
0 1 1 1 1 1 1 -1 -1 -1 
1 1 1 1 1 1 1 -1 -1 -1 
0 0 0 0 0 0 0 0 -1 -1 
1 0 0 0 0 0 0 0 -1 -1 
0 1 0 0 0 0 0 0 -1 -1 
1 1 0 0 0 0 0 0 -1 -1 
0 0 1 0 0 0 0 0 -1 -1 
1 0 1 0 0 0 0 0 -1 -1 
0 1 1 0 0 0 0 0 -1 -1 
1 1 1 0 0 0 0 0 -1 -1 
0 0 0 1 0 0 0 0 -1 -1 
1 0 0 1 0 0 0 0 -1 -1 
0 1 0 1 0 0 0 0 -1 -1 
1 1 0 1 0 0 0 0 -1 -1 
0 0 1 1 0 0 0 0 -1 -1 
1 0 1 1 0 0 0 0 -1 -1 
0 1 1 1 0 0 0 0 -1 -1 
1 1 1 1 0 0 0 0 -1 -1 
0 0 0 0 1 0 0 0 -1 -1 
1 0 0 0 1 0 0 0 -1 -1 
0 1 0 0 1 0 0 0 -1 -1 
1 1 0 0 1 0 0 0 -1 -1 
0 0 1 0 1 0 0 0 -1 -1 
1 0 1 0 1 0 0 0 -1 -1 
0 1 1 0 1 0 0 0 -1 -1 
1 1 1 0 1 0 0 0 -1 -1 
0 0 0 1 1 0 0 0 -1 -1 
1 0 0 1 1 0 0 0 -1 -1 
0 1 0 1 1 0 0 0 -1 -1 
1 1 0 1 1 0 0 0 -1 -1 
0 0 1 1 1 0 0 0 -1 -1 
1 0 1 1 1 0 0 0 -1 -1 
0 1 1 1 1 0 0 0 -1 -1 
1 1 1 1 1 0 0 0 -1 -1 
0 0 0 0 0 1 0 0 -1 -1 
1 0 0 0 0 1 0 0 -1 -1 
0 1 0 0 0 1 0 0 -1 -1 
1 1 0 0 0 1 0 0 -1 -1 
0 0 1 0 0 1 0 0 -1 -1 
1 0 1 0 0 1 0 0 -1 -1 
0 1 1 0 0 1 0 0 -1 -1 
1 1 1 0 0 1 0 0 -1 -1 
0 0 0 1 0 1 0 0 -1 -1 
1 0 0 1 0 1 0 0 -1 -1 
0 1 0 1 0 1 0 0 -1 -1 
1 1 0 1 0 1 0 0 -1 -1 
0 0 1 1 0 1 0 0 -1 -1 
1 0 1 1 0 1 0 0 -1 -1 
0 1 1 1 0 1 0 0 -1 -1 
1 1 1 1 0 1 0 0 -1 -1 
0 0 0 0 1 1 0 0 -1 -1 
1 0 0 0 1 1 0 0 -1 -1 
0 1 0 0 1 1 0 0 -1 -1 
1 1 0 0 1 1 0 0 -1 -1 
0 0 1 0 1 1 0 0 -1 -1 
1 0 1 0 1 1 0 0 -1 -1 
0 1 1 0 1 1 0 0 -1 -1 
1 1 1 0 1 1 0 0 -1 -1 
0 0 0 1 1 1 0 0 -1 -1 
1 0 0 1 1 1 0 0 -1 -1 
0 1 0 1 1 1 0 0 -1 -1 
1 1 0 1 1 1 0 0 -1 -1 
0 0 1 1 1 1 0 0 -1 -1 
1 0 1 1 1 1 0 0 -1 -1 
0 1 1 1 1 1 0 0 -1 -1 
1 1 1 1 1 1 0 0 -1 -1 
0 0 0 0 0 0 1 0 -1 -1 
1 0 0 0 0 0 1 0 -1 -1 
0 1 0 0 0 0 1 0 -1 -1 
1 1 0 0 0 0 1 0 -1 -1 
0 0 1 0 0 0 1 0 -1 -1 
1 0 1 0 0 0 1 0 -1 -1 
0 1 1 0 0 0 1 0 -1 -1 
1 1 1 0 0 0 1 0 -1 -1 
0 0 0 1 0 0 1 0 -1 -1 
1 0 0 1 0 0 1 0 -1 -1 
0 1 0 1 0 0 1 0 -1 -1 
1 1 0 1 0 0 1 0 -1 -1 
0 0 1 1 0 0 1 0 -1 -1 
1 0 1 1 0 0 1 0 -1 -1 
0 1 1 1 0 0 1 0 -1 -1 
1 1 1 1 0 0 1 0 -1 -1 
0 0 0 0 1 0 1 0 -1 -1 
1 0 0 0 1 0 1 0 -1 -1 
0 1 0 0 1 0 1 0 -1 -1 
1 1 0 0 1 0 1 0 -1 -1 
0 0 1 0 1 0 1 0 -1 -1 
1 0 1 0 1 0 1 0 -1 -1 
0 1 1 0 1 0 1 0 -1 -1 
1 1 1 0 1 0 1 0 -1 -1 
0 0 0 1 1 0 1 0 -1 -1 
1 0 0 1 1 0 1 0 -1 -1 
0 1 0 1 1 0 1 0 -1 -1 
1 1 0 1 1 0 1 0 -1 -1 
0 0 1 1 1 0 1 0 -1 -1 
1 0 1 1 1 0 1 0 -1 -1 
0 1 1 1 1 0 1 0 -1 -1 
1 1 1 1 1 0 1 0 -1 -1 
0 0 0 0 0 1 1 0 -1 -1 
1 0 0 0 0 1 1 0 -1 -1 
0 1 0 0 0 1 1 0 -1 -1 
1 1 0 0 0 1 1 0 -1 -1 
0 0 1 0 0 1 1 0 -1 -1 
1 0 1 0 0 1 1 0 -1 -1 
0 1 1 0 0 1 1 0 -1 -1 
1 1 1 0 0 1 1 0 -1 -1 
0 0 0 1 0 1 1 0 -1 -1 
1 0 0 1 0 1 1 0 -1 -1 
0 1 0 1 0 1 1 0 -1 -1 
1 1 0 1 0 1 1 0 -1 -1 
0 0 1 1 0 1 1 0 -1 -1 
1 0 1 1 0 1 1 0 -1 -1 
0 1 1 1 0 1 1 0 -1 -1 
1 1 1 1 0 1 1 0 -1 -1 
0 0 0 0 1 1 1 0 -1 -1 
1 0 0 0 1 1 1 0 -1 -1 
0 1 0 0 1 1 1 0 -1 -1 
1 1 0 0 1 1 1 0 -1 -1 
0 0 1 0 1 1 1 0 -1 -1 
1 0 1 0 1 1 1 0 -1 -1 
0 1 1 0 1 1 1 0 -1 -1 
1 1 1 0 1 1 1 0 -1 -1 
0 0 0 1 1 1 1 0 -1 -1 
1 0 0 1 1 1 1 0 -1 -1 
0 1 0 1 1 1 1 0 -1 -1 
1 1 0 1 1 1 1 0 -1 -1 
0 0 1 1 1 1 1 0 -1 -1 
1 0 1 1 1 1 1 0 -1 -1 
0 1 1 1 1 1 1 0 -1 -1 
1 1 1 1 1 1 1 0 -1 -1 
0 0 0 0 0 0 0 1 -1 -1 
1 0 0 0 0 0 0 1 -1 -1 
0 1 0 0 0 0 0 1 -1 -1 
1 1 0 0 0 0 0 1 -1 -1 
0 0 1 0 0 0 0 1 -1 -1 
1 0 1 0 0 0 0 1 -1 -1 
0 1 1 0 0 0 0 1 -1 -1 
1 1 1 0 0 0 0 1 -1 -1 
0 0 0 1 0 0 0 1 -1 -1 
1 0 0 1 0 0 0 1 -1 -1 
0 1 0 1 0 0 0 1 -1 -1 
1 1 0 1 0 0 0 1 -1 -1 
0 0 1 1 0 0 0 1 -1 -1 
1 0 1 1 0 0 0 1 -1 -1 
0 1 1 1 0 0 0 1 -1 -1 
1 1 1 1 0 0 0 1 -1 -1 
0 0 0 0 1 0 0 1 -1 -1 
1 0 0 0 1 0 0 1 -1 -1 
0 1 0 0 1 0 0 1 -1 -1 
1 1 0 0 1 0 0 1 -1 -1 
0 0 1 0 1 0 0 1 -1 -1 
1 0 1 0 1 0 0 1 -1 -1 
0 1 1 0 1 0 0 1 -1 -1 
1 1 1 0 1 0 0 1 -1 -1 
0 0 0 1 1 0 0 1 -1 -1 
1 0 0 1 1 0 0 1 -1 -1 
0 1 0 1 1 0 0 1 -1 -1 
1 1 0 1 1 0 0 1 -1 -1 
0 0 1 1 1 0 0 1 -1 -1 
1 0 1 1 1 0 0 1 -1 -1 
0 1 1 1 1 0 0 1 -1 -1 
1 1 1 1 1 0 0 1 -1 -1 
0 0 0 0 0 1 0 1 -1 -1 
1 0 0 0 0 1 0 1 -1 -1 
0 1 0 0 0 1 0 1 -1 -1 
1 1 0 0 0 1 0 1 -1 -1 
0 0 1 0 0 1 0 1 -1 -1 
1 0 1 0 0 1 0 1 -1 -1 
0 1 1 0 0 1 0 1 -1 -1 
1 1 1 0 0 1 0 1 -1 -1 
0 0 0 1 0 1 0 1 -1 -1 
1 0 0 1 0 1 0 1 -1 -1 
0 1 0 1 0 1 0 1 -1 -1 
1 1 0 1 0 1 0 1 -1 -1 
0 0 1 1 0 1 0 1 -1 -1 
1 0 1 1 0 1 0 1 -1 -1 
0 1 1 1 0 1 0 1 -1 -1 
1 1 1 1 0 1 0 1 -1 -1 
0 0 0 0 1 1 0 1 -1 -1 
1 0 0 0 1 1 0 1 -1 -1 
0 1 0 0 1 1 0 1 -1 -1 
1 1 0 0 1 1 0 1 -1 -1 
0 0 1 0 1 1 0 1 -1 -1 
1 0 1 0 1 1 0 1 -1 -1 
0 1 1 0 1 1 0 1 -1 -1 
1 1 1 0 1 1 0 1 -1 -1 
0 0 0 1 1 1 0 1 -1 -1 
1 0 0 1 1 1 0 1 -1 -1 
0 1 0 1 1 1 0 1 -1 -1 
1 1 0 1 1 1 0 1 -1 -1 
0 0 1 1 1 1 0 1 -1 -1 
1 0 1 1 1 1 0 1 -1 -1 
0 1 1 1 1 1 0 1 -1 -1 
1 1 1 1 1 1 0 1 -1 -1 
0 0 0 0 0 0 1 1 -1 -1 
1 0 0 0 0 0 1 1 -1 -1 
0 1 0 0 0 0 1 1 -1 -1 
1 1 0 0 0 0 1 1 -1 -1 
0 0 1 0 0 0 1 1 -1 -1 
1 0 1 0 0 0 1 1 -1 -1 
0 1 1 0 0 0 1 1 -1 -1 
1 1 1 0 0 0 1 1 -1 -1 
0 0 0 1 0 0 1 1 -1 -1 
1 0 0 1 0 0 1 1 -1 -1 
0 1 0 1 0 0 1 1 -1 -1 
1 1 0 1 0 0 1 1 -1 -1 
0 0 1 1 0 0 1 1 -1 -1 
1 0 1 1 0 0 1 1 -1 -1 
0 1 1 1 0 0 1 1 -1 -1 
1 1 1 1 0 0 1 1 -1 -1 
0 0 0 0 1 0 1 1 -1 -1 
1 0 0 0 1 0 1 1 -1 -1 
0 1 0 0 1 0 1 1 -1 -1 
1 1 0 0 1 0 1 1 -1 -1 
0 0 1 0 1 0 1 1 -1 -1 
1 0 1 0 1 0 1 1 -1 -1 
0 1 1 0 1 0 1 1 -1 -1 
1 1 1 0 1 0 1 1 -1 -1 
0 0 0 1 1 0 1 1 -1 -1 
1 0 0 1 1 0 1 1 -1 -1 
0 1 0 1 1 0 1 1 -1 -1 
1 1 0 1 1 0 1 1 -1 -1 
0 0 1 1 1 0 1 1 -1 -1 
1 0 1 1 1 0 1 1 -1 -1 
0 1 1 1 1 0 1 1 -1 -1 
1 1 1 1 1 0 1 1 -1 -1 
0 0 0 0 0 1 1 1 -1 -1 
1 0 0 0 0 1 1 1 -1 -1 
0 1 0 0 0 1 1 1 -1 -1 
1 1 0 0 0 1 1 1 -1 -1 
0 0 1 0 0 1 1 1 -1 -1 
1 0 1 0 0 1 1 1 -1 -1 
0 1 1 0 0 1 1 1 -1 -1 
1 1 1 0 0 1 1 1 -1 -1 
0 0 0 1 0 1 1 1 -1 -1 
1 0 0 1 0 1 1 1 -1 -1 
0 1 0 1 0 1 1 1 -1 -1 
1 1 0 1 0 1 1 1 -1 -1 
0 0 1 1 0 1 1 1 -1 -1 
1 0 1 1 0 1 1 1 -1 -1 
0 1 1 1 0 1 1 1 -1 -1 
1 1 1 1 0 1 1 1 -1 -1 
0 0 0 0 1 1 1 1 -1 -1 
1 0 0 0 1 1 1 1 -1 -1 
0 1 0 0 1 1 1 1 -1 -1 
1 1 0 0 1 1 1 1 -1 -1 
0 0 1 0 1 1 1 1 -1 -1 
1 0 1 0 1 1 1 1 -1 -1 
0 1 1 0 1 1 1 1 -1 -1 
1 1 1 0 1 1 1 1 -1 -1 
0 0 0 1 1 1 1 1 -1 -1 
1 0 0 1 1 1 1 1 -1 -1 
0 1 0 1 1 1 1 1 -1 -1 
1 1 0 1 1 1 1 1 -1 -1 
0 0 1 1 1 1 1 1 -1 -1 
1 0 1 1 1 1 1 1 -1 -1 
0 1 1 1 1 1 1 1 -1 -1 
1 1 1 1 1 1 1 1 -1 -1 
0 0 0 0 0 0 0 0 0 -1 
1 0 0 0 0 0 0 0 0 -1 
0 1 0 0 0 0 0 0 0 -1 
1 1 0 0 0 0 0 0 0 -1 
0 0 1 0 0 0 0 0 0 -1 
1 0 1 0 0 0 0 0 0 -1 
0 1 1 0 0 0 0 0 0 -1 
1 1 1 0 0 0 0 0 0 -1 
0 0 0 1 0 0 0 0 0 -1 
1 0 0 1 0 0 0 0 0 -1 
0 1 0 1 0 0 0 0 0 -1 
1 1 0 1 0 0 0 0 0 -1 
0 0 1 1 0 0 0 0 0 -1 
1 0 1 1 0 0 0 0 0 -1 
0 1 1 1 0 0 0 0 0 -1 
1 1 1 1 0 0 0 0 0 -1 
0 0 0 0 1 0 0 0 0 -1 
1 0 0 0 1 0 0 0 0 -1 
0 1 0 0 1 0 0 0 0 -1 
1 1 0 0 1 0 0 0 0 -1 
0 0 1 0 1 0 0 0 0 -1 
1 0 1 0 1 0 0 0 0 -1 
0 1 1 0 1 0 0 0 0 -1 
1 1 1 0 1 0 0 0 0 -1 
0 0 0 1 1 0 0 0 0 -1 
1 0 0 1 1 0 0 0 0 -1 
0 1 0 1 1 0 0 0 0 -1 
1 1 0 1 1 0 0 0 0 -1 
0 0 1 1 1 0 0 0 0 -1 
1 0 1 1 1 0 0 0 0 -1 
0 1 1 1 1 0 0 0 0 -1 
1 1 1 1 1 0 0 0 0 -1 
0 0 0 0 0 1 0 0 0 -1 
1 0 0 0 0 1 0 0 0 -1 
0 1 0 0 0 1 0 0 0 -1 
1 1 0 0 0 1 0 0 0 -1 
0 0 1 0 0 1 0 0 0 -1 
1 0 1 0 0 1 0 0 0 -1 
0 1 1 0 0 1 0 0 0 -1 
1 1 1 0 0 1 0 0 0 -1 
0 0 0 1 0 1 0 0 0 -1 
1 0 0 1 0 1 0 0 0 -1 
0 1 0 1 0 1 0 0 0 -1 
1 1 0 1 0 1 0 0 0 -1 
0 0 1 1 0 1 0 0 0 -1 
1 0 1 1 0 1 0 0 0 -1 
0 1 1 1 0 1 0 0 0 -1 
1 1 1 1 0 1 0 0 0 -1 
0 0 0 0 1 1 0 0 0 -1 
1 0 0 0 1 1 0 0 0 -1 
0 1 0 0 1 1 0 0 0 -1 
1 1 0 0 1 1 0 0 0 -1 
0 0 1 0 1 1 0 0 0 -1 
1 0 1 0 1 1 0 0 0 -1 
0 1 1 0 1 1 0 0 0 -1 
1 1 1 0 1 1 0 0 0 -1 
0 0 0 1 1 1 0 0 0 -1 
1 0 0 1 1 1 0 0 0 -1 
0 1 0 1 1 1 0 0 0 -1 
1 1 0 1 1 1 0 0 0 -1 
0 0 1 1 1 1 0 0 0 -1 
1 0 1 1 1 1 0 0 0 -1 
0 1 1 1 1 1 0 0 0 -1 
1 1 1 1 1 1 0 0 0 -1 
0 0 0 0 0 0 1 0 0 -1 
1 0 0 0 0 0 1 0 0 -1 
0 1 0 0 0 0 1 0 0 -1 
1 1 0 0 0 0 1 0 0 -1 
0 0 1 0 0 0 1 0 0 -1 
1 0 1 0 0 0 1 0 0 -1 
0 1 1 0 0 0 1 0 0 -1 
1 1 1 0 0 0 1 0 0 -1 
0 0 0 1 0 0 1 0 0 -1 
1 0 0 1 0 0 1 0 0 -1 
0 1 0 1 0 0 1 0 0 -1 
1 1 0 1 0 0 1 0 0 -1 
0 0 1 1 0 0 1 0 0 -1 
1 0 1 1 0 0 1 0 0 -1 
0 1 1 1 0 0 1 0 0 -1 
1 1 1 1 0 0 1 0 0 -1 
0 0 0 0 1 0 1 0 0 -1 
1 0 0 0 1 0 1 0 0 -1 
0 1 0 0 1 0 1 0 0 -1 
1 1 0 0 1 0 1 0 0 -1 
0 0 1 0 1 0 1 0 0 -1 
1 0 1 0 1 0 1 0 0 -1 
0 1 1 0 1 0 1 0 0 -1 
1 1 1 0 1 0 1 0 0 -1 
0 0 0 1 1 0 1 0 0 -1 
1 0 0 1 1 0 1 0 0 -1 
0 1 0 1 1 0 1 0 0 -1 
1 1 0 1 1 0 1 0 0 -1 
0 0 1 1 1 0 1 0 0 -1 
1 0 1 1 1 0 1 0 0 -1 
0 1 1 1 1 0 1 0 0 -1 
1 1 1 1 1 0 1 0 0 -1 
0 0 0 0 0 1 1 0 0 -1 
1 0 0 0 0 1 1 0 0 -1 
0 1 0 0 0 1 1 0 0 -1 
1 1 0 0 0 1 1 0 0 -1 
0 0 1 0 0 1 1 0 0 -1 
1 0 1 0 0 1 1 0 0 -1 
0 1 1 0 0 1 1 0 0 -1 
1 1 1 0 0 1 1 0 0 -1 
0 0 0 1 0 1 1 0 0 -1 
1 0 0 1 0 1 1 0 0 -1 
0 1 0 1 0 1 1 0 0 -1 
1 1 0 1 0 1 1 0 0 -1 
0 0 1 1 0 1 1 0 0 -1 
1 0 1 1 0 1 1 0 0 -1 
0 1 1 1 0 1 1 0 0 -1 
1 1 1 1 0 1 1 0 0 -1 
0 0 0 0 1 1 1 0 0 -1 
1 0 0 0 1 1 1 0 0 -1 
0 1 0 0 1 1 1 0 0 -1 
1 1 0 0 1 1 1 0 0 -1 
0 0 1 0 1 1 1 0 0 -1 
1 0 1 0 1 1 1 0 0 -1 
0 1 1 0 1 1 1 0 0 -1 
1 1 1 0 1 1 1 0 0 -1 
0 0 0 1 1 1 1 0 0 -1 
1 0 0 1 1 1 1 0 0 -1 
0 1 0 1 1 1 1 0 0 -1 
1 1 0 1 1 1 1 0 0 -1 
0 0 1 1 1 1 1 0 0 -1 
1 0 1 1 1 1 1 0 0 -1 
0 1 1 1 1 1 1 0 0 -1 
1 1 1 1 1 1 1 0 0 -1 
0 0 0 0 0 0 0 1 0 -1 
1 0 0 0 0 0 0 1 0 -1 
0 1 0 0 0 0 0 1 0 -1 
1 1 0 0 0 0 0 1 0 -1 
0 0 1 0 0 0 0 1 0 -1 
1 0 1 0 0 0 0 1 0 -1 
0 1 1 0 0 0 0 1 0 -1 
1 1 1 0 0 0 0 1 0 -1 
0 0 0 1 0 0 0 1 0 -1 
1 0 0 1 0 0 0 1 0 -1 
0 1 0 1 0 0 0 1 0 -1 
1 1 0 1 0 0 0 1 0 -1 
0 0 1 1 0 0 0 1 0 -1 
1 0 1 1 0 0 0 1 0 -1 
0 1 1 1 0 0 0 1 0 -1 
1 1 1 1 0 0 0 1 0 -1 
0 0 0 0 1 0 0 1 0 -1 
1 0 0 0 1 0 0 1 0 -1 
0 1 0 0 1 0 0 1 0 -1 
1 1 0 0 1 0 0 1 0 -1 
0 0 1 0 1 0 0 1 0 -1 
1 0 1 0 1 0 0 1 0 -1 
0 1 1 0 1 0 0 1 0 -1 
1 1 1 0 1 0 0 1 0 -1 
0 0 0 1 1 0 0 1 0 -1 
1 0 0 1 1 0 0 1 0 -1 
0 1 0 1 1 0 0 1 0 -1 
1 1 0 1 1 0 0 1 0 -1 
0 0 1 1 1 0 0 1 0 -1 
1 0 1 1 1 0 0 1 0 -1 
0 1 1 1 1 0 0 1 0 -1 
1 1 1 1 1 0 0 1 0 -1 
0 0 0 0 0 1 0 1 0 -1 
1 0 0 0 0 1 0 1 0 -1 
0 1 0 0 0 1 0 1 0 -1 
1 1 0 0 0 1 0 1 0 -1 
0 0 1 0 0 1 0 1 0 -1 
1 0 1 0 0 1 0 1 0 -1 
0 1 1 0 0 1 0 1 0 -1 
1 1 1 0 0 1 0 1 0 -1 
0 0 0 1 0 1 0 1 0 -1 
1 0 0 1 0 1 0 1 0 -1 
0 1 0 1 0 1 0 1 0 -1 
1 1 0 1 0 1 0 1 0 -1 
0 0 1 1 0 1 0 1 0 -1 
1 0 1 1 0 1 0 1 0 -1 
0 1 1 1 0 1 0 1 0 -1 
1 1 1 1 0 1 0 1 0 -1 
0 0 0 0 1 1 0 1 0 -1 
1 0 0 0 1 1 0 1 0 -1 
0 1 0 0 1 1 0 1 0 -1 
1 1 0 0 1 1 0 1 0 -1 
0 0 1 0 1 1 0 1 0 -1 
1 0 1 0 1 1 0 1 0 -1 
0 1 1 0 1 1 0 1 0 -1 
1 1 1 0 1 1 0 1 0 -1 
0 0 0 1 1 1 0 1 0 -1 
1 0 0 1 1 1 0 1 0 -1 
0 1 0 1 1 1 0 1 0 -1 
1 1 0 1 1 1 0 1 0 -1 
0 0 1 1 1 1 0 1 0 -1 
1 0 1 1 1 1 0 1 0 -1 
0 1 1 1 1 1 0 1 0 -1 
1 1 1 1 1 1 0 1 0 -1 
0 0 0 0 0 0 1 1 0 -1 
1 0 0 0 0 0 1 1 0 -1 
0 1 0 0 0 0 1 1 0 -1 
1 1 0 0 0 0 1 1 0 -1 
0 0 1 0 0 0 1 1 0 -1 
1 0 1 0 0 0 1 1 0 -1 
0 1 1 0 0 0 1 1 0 -1 
1 1 1 0 0 0 1 1 0 -1 
0 0 0 1 0 0 1 1 0 -1 
1 0 0 1 0 0 1 1 0 -1 
0 1 0 1 0 0 1 1 0 -1 
1 1 0 1 0 0 1 1 0 -1 
0 0 1 1 0 0 1 1 0 -1 
1 0 1 1 0 0 1 1 0 -1 
0 1 1 1 0 0 1 1 0 -1 
1 1 1 1 0 0 1 1 0 -1 
0 0 0 0 1 0 1 1 0 -1 
1 0 0 0 1 0 1 1 0 -1 
0 1 0 0 1 0 1 1 0 -1 
1 1 0 0 1 0 1 1 0 -1 
0 0 1 0 1 0 1 1 0 -1 
1 0 1 0 1 0 1 1 0 -1 
0 1 1 0 1 0 1 1 0 -1 
1 1 1 0 1 0 1 1 0 -1 
0 0 0 1 1 0 1 1 0 -1 
1 0 0 1 1 0 1 1 0 -1 
0 1 0 1 1 0 1 1 0 -1 
1 1 0 1 1 0 1 1 0 -1 
0 0 1 1 1 0 1 1 0 -1 
1 0 1 1 1 0 1 1 0 -1 
0 1 1 1 1 0 1 1 0 -1 
1 1 1 1 1 0 1 1 0 -1 
0 0 0 0 0 1 1 1 0 -1 
1 0 0 0 0 1 1 1 0 -1 
0 1 0 0 0 1 1 1 0 -1 
1 1 0 0 0 1 1 1 0 -1 
0 0 1 0 0 1 1 1 0 -1 
1 0 1 0 0 1 1 1 0 -1 
0 1 1 0 0 1 1 1 0 -1 
1 1 1 0 0 1 1 1 0 -1 
0 0 0 1 0 1 1 1 0 -1 
1 0 0 1 0 1 1 1 0 -1 
0 1 0 1 0 1 1 1 0 -1 
1 1 0 1 0 1 1 1 0 -1 
0 0 1 1 0 1 1 1 0 -1 
1 0 1 1 0 1 1 1 0 -1 
0 1 1 1 0 1 1 1 0 -1 
1 1 1 1 0 1 1 1 0 -1 
0 0 0 0 1 1 1 1 0 -1 
1 0 0 0 1 1 1 1 0 -1 
0 1 0 0 1 1 1 1 0 -1 
1 1 0 0 1 1 1 1 0 -1 
0 0 1 0 1 1 1 1 0 -1 
1 0 1 0 1 1 1 1 0 -1 
0 1 1 0 1 1 1 1 0 -1 
1 1 1 0 1 1 1 1 0 -1 
0 0 0 1 1 1 1 1 0 -1 
1 0 0 1 1 1 1 1 0 -1 
0 1 0 1 1 1 1 1 0 -1 
1 1 0 1 1 1 1 1 0 -1 
0 0 1 1 1 1 1 1 0 -1 
1 0 1 1 1 1 1 1 0 -1 
0 1 1 1 1 1 1 1 0 -1 
1 1 1 1 1 1 1 1 0 -1 
0 0 0 0 0 0 0 0 1 -1 
1 0 0 0 0 0 0 0 1 -1 
0 1 0 0 0 0 0 0 1 -1 
1 1 0 0 0 0 0 0 1 -1 
0 0 1 0 0 0 0 0 1 -1 
1 0 1 0 0 0 0 0 1 -1 
0 1 1 0 0 0 0 0 1 -1 
1 1 1 0 0 0 0 0 1 -1 
0 0 0 1 0 0 0 0 1 -1 
1 0 0 1 0 0 0 0 1 -1 
0 1 0 1 0 0 0 0 1 -1 
1 1 0 1 0 0 0 0 1 -1 
0 0 1 1 0 0 0 0 1 -1 
1 0 1 1 0 0 0 0 1 -1 
0 1 1 1 0 0 0 0 1 -1 
1 1 1 1 0 0 0 0 1 -1 
0 0 0 0 1 0 0 0 1 -1 
1 0 0 0 1 0 0 0 1 -1 
0 1 0 0 1 0 0 0 1 -1 
1 1 0 0 1 0 0 0 1 -1 
0 0 1 0 1 0 0 0 1 -1 
1 0 1 0 1 0 0 0 1 -1 
0 1 1 0 1 0 0 0 1 -1 
1 1 1 0 1 0 0 0 1 -1 
0 0 0 1 1 0 0 0 1 -1 
1 0 0 1 1 0 0 0 1 -1 
0 1 0 1 1 0 0 0 1 -1 
1 1 0 1 1 0 0 0 1 -1 
0 0 1 1 1 0 0 0 1 -1 
1 0 1 1 1 0 0 0 1 -1 
0 1 1 1 1 0 0 0 1 -1 
1 1 1 1 1 0 0 0 1 -1 
0 0 0 0 0 1 0 0 1 -1 
1 0 0 0 0 1 0 0 1 -1 
0 1 0 0 0 1 0 0 1 -1 
1 1 0 0 0 1 0 0 1 -1 
0 0 1 0 0 1 0 0 1 -1 
1 0 1 0 0 1 0 0 1 -1 
0 1 1 0 0 1 0 0 1 -1 
1 1 1 0 0 1 0 0 1 -1 
0 0 0 1 0 1 0 0 1 -1 
1 0 0 1 0 1 0 0 1 -1 
0 1 0 1 0 1 0 0 1 -1 
1 1 0 1 0 1 0 0 1 -1 
0 0 1 1 0 1 0 0 1 -1 
1 0 1 1 0 1 0 0 1 -1 
0 1 1 1 0 1 0 0 1 -1 
1 1 1 1 0 1 0 0 1 -1 
0 0 0 0 1 1 0 0 1 -1 
1 0 0 0 1 1 0 0 1 -1 
0 1 0 0 1 1 0 0 1 -1 
1 1 0 0 1 1 0 0 1 -1 
0 0 1 0 1 1 0 0 1 -1 
1 0 1 0 1 1 0 0 1 -1 
0 1 1 0 1 1 0 0 1 -1 
1 1 1 0 1 1 0 0 1 -1 
0 0 0 1 1 1 0 0 1 -1 
1 0 0 1 1 1 0 0 1 -1 
0 1 0 1 1 1 0 0 1 -1 
1 1 0 1 1 1 0 0 1 -1 
0 0 1 1 1 1 0 0 1 -1 
1 0 1 1 1 1 0 0 1 -1 
0 1 1 1 1 1 0 0 1 -1 
1 1 1 1 1 1 0 0 1 -1 
0 0 0 0 0 0 1 0 1 -1 
1 0 0 0 0 0 1 0 1 -1 
0 1 0 0 0 0 1 0 1 -1 
1 1 0 0 0 0 1 0 1 -1 
0 0 1 0 0 0 1 0 1 -1 
1 0 1 0 0 0 1 0 1 -1 
0 1 1 0 0 0 1 0 1 -1 
1 1 1 0 0 0 1 0 1 -1 
0 0 0 1 0 0 1 0 1 -1 
1 0 0 1 0 0 1 0 1 -1 
0 1 0 1 0 0 1 0 1 -1 
1 1 0 1 0 0 1 0 1 -1 
0 0 1 1 0 0 1 0 1 -1 
1 0 1 1 0 0 1 0 1 -1 
0 1 1 1 0 0 1 0 1 -1 
1 1 1 1 0 0 1 0 1 -1 
0 0 0 0 1 0 1 0 1 -1 
1 0 0 0 1 0 1 0 1 -1 
0 1 0 0 1 0 1 0 1 -1 
1 1 0 0 1 0 1 0 1 -1 
0 0 1 0 1 0 1 0 1 -1 
1 0 1 0 1 0 1 0 1 -1 
0 1 1 0 1 0 1 0 1 -1 
1 1 1 0 1 0 1 0 1 -1 
0 0 0 1 1 0 1 0 1 -1 
1 0 0 1 1 0 1 0 1 -1 
0 1 0 1 1 0 1 0 1 -1 
1 1 0 1 1 0 1 0 1 -1 
0 0 1 1 1 0 1 0 1 -1 
1 0 1 1 1 0 1 0 1 -1 
0 1 1 1 1 0 1 0 1 -1 
1 1 1 1 1 0 1 0 1 -1 
0 0 0 0 0 1 1 0 1 -1 
1 0 0 0 0 1 1 0 1 -1 
0 1 0 0 0 1 1 0 1 -1 
1 1 0 0 0 1 1 0 1 -1 
0 0 1 0 0 1 1 0 1 -1 
1 0 1 0 0 1 1 0 1 -1 
0 1 1 0 0 1 1 0 1 -1 
1 1 1 0 0 1 1 0 1 -1 
0 0 0 1 0 1 1 0 1 -1 
1 0 0 1 0 1 1 0 1 -1 
0 1 0 1 0 1 1 0 1 -1 
1 1 0 1 0 1 1 0 1 -1 
0 0 1 1 0 1 1 0 1 -1 
1 0 1 1 0 1 1 0 1 -1 
0 1 1 1 0 1 1 0 1 -1 
1 1 1 1 0 1 1 0 1 -1 
0 0 0 0 1 1 1 0 1 -1 
1 0 0 0 1 1 1 0 1 -1 
0 1 0 0 1 1 1 0 1 -1 
1 1 0 0 1 1 1 0 1 -1 
0 0 1 0 1 1 1 0 1 -1 
1 0 1 0 1 1 1 0 1 -1 
0 1 1 0 1 1 1 0 1 -1 
1 1 1 0 1 1 1 0 1 -1 
0 0 0 1 1 1 1 0 1 -1 
1 0 0 1 1 1 1 0 1 -1 
0 1 0 1 1 1 1 0 1 -1 
1 1 0 1 1 1 1 0 1 -1 
0 0 1 1 1 1 1 0 1 -1 
1 0 1 1 1 1 1 0 1 -1 
0 1 1 1 1 1 1 0 1 -1 
1 1 1 1 1 1 1 0 1 -1 
0 0 0 0 0 0 0 1 1 -1 
1 0 0 0 0 0 0 1 1 -1 
0 1 0 0 0 0 0 1 1 -1 
1 1 0 0 0 0 0 1 1 -1 
0 0 1 0 0 0 0 1 1 -1 
1 0 1 0 0 0 0 1 1 -1 
0 1 1 0 0 0 0 1 1 -1 
1 1 1 0 0 0 0 1 1 -1 
0 0 0 1 0 0 0 1 1 -1 
1 0 0 1 0 0 0 1 1 -1 
0 1 0 1 0 0 0 1 1 -1 
1 1 0 1 0 0 0 1 1 -1 
0 0 1 1 0 0 0 1 1 -1 
1 0 1 1 0 0 0 1 1 -1 
0 1 1 1 0 0 0 1 1 -1 
1 1 1 1 0 0 0 1 1 -1 
0 0 0 0 1 0 0 1 1 -1 
1 0 0 0 1 0 0 1 1 -1 
0 1 0 0 1 0 0 1 1 -1 
1 1 0 0 1 0 0 1 1 -1 
0 0 1 0 1 0 0 1 1 -1 
1 0 1 0 1 0 0 1 1 -1 
0 1 1 0 1 0 0 1 1 -1 
1 1 1 0 1 0 0 1 1 -1 
0 0 0 1 1 0 0 1 1 -1 
1 0 0 1 1 0 0 1 1 -1 
0 1 0 1 1 0 0 1 1 -1 
1 1 0 1 1 0 0 1 1 -1 
0 0 1 1 1 0 0 1 1 -1 
1 0 1 1 1 0 0 1 1 -1 
0 1 1 1 1 0 0 1 1 -1 
1 1 1 1 1 0 0 1 1 -1 
0 0 0 0 0 1 0 1 1 -1 
1 0 0 0 0 1 0 1 1 -1 
0 1 0 0 0 1 0 1 1 -1 
1 1 0 0 0 1 0 1 1 -1 
0 0 1 0 0 1 0 1 1 -1 
1 0 1 0 0 1 0 1 1 -1 
0 1 1 0 0 1 0 1 1 -1 
1 1 1 0 0 1 0 1 1 -1 
0 0 0 1 0 1 0 1 1 -1 
1 0 0 1 0 1 0 1 1 -1 
0 1 0 1 0 1 0 1 1 -1 
1 1 0 1 0 1 0 1 1 -1 
0 0 1 1 0 1 0 1 1 -1 
1 0 1 1 0 1 0 1 1 -1 
0 1 1 1 0 1 0 1 1 -1 
1 1 1 1 0 1 0 1 1 -1 
0 0 0 0 1 1 0 1 1 -1 
1 0 0 0 1 1 0 1 1 -1 
0 1 0 0 1 1 0 1 1 -1 
1 1 0 0 1 1 0 1 1 -1 
0 0 1 0 1 1 0 1 1 -1 
1 0 1 0 1 1 0 1 1 -1 
0 1 1 0 1 1 0 1 1 -1 
1 1 1 0 1 1 0 1 1 -1 
0 0 0 1 1 1 0 1 1 -1 
1 0 0 1 1 1 0 1 1 -1 
0 1 0 1 1 1 0 1 1 -1 
1 1 0 1 1 1 0 1 1 -1 
0 0 1 1 1 1 0 1 1 -1 
1 0 1 1 1 1 0 1 1 -1 
0 1 1 1 1 1 0 1 1 -1 
1 1 1 1 1 1 0 1 1 -1 
0 0 0 0 0 0 1 1 1 -1 
1 0 0 0 0 0 1 1 1 -1 
0 1 0 0 0 0 1 1 1 -1 
1 1 0 0 0 0 1 1 1 -1 
0 0 1 0 0 0 1 1 1 -1 
1 0 1 0 0 0 1 1 1 -1 
0 1 1 0 0 0 1 1 1 -1 
1 1 1 0 0 0 1 1 1 -1 
0 0 0 1 0 0 1 1 1 -1 
1 0 0 1 0 0 1 1 1 -1 
0 1 0 1 0 0 1 1 1 -1 
1 1 0 1 0 0 1 1 1 -1 
0 0 1 1 0 0 1 1 1 -1 
1 0 1 1 0 0 1 1 1 -1 
0 1 1 1 0 0 1 1 1 -1 
1 1 1 1 0 0 1 1 1 -1 
0 0 0 0 1 0 1 1 1 -1 
1 0 0 0 1 0 1 1 1 -1 
0 1 0 0 1 0 1 1 1 -1 
1 1 0 0 1 0 1 1 1 -1 
0 0 1 0 1 0 1 1 1 -1 
1 0 1 0 1 0 1 1 1 -1 
0 1 1 0 1 0 1 1 1 -1 
1 1 1 0 1 0 1 1 1 -1 
0 0 0 1 1 0 1 1 1 -1 
1 0 0 1 1 0 1 1 1 -1 
0 1 0 1 1 0 1 1 1 -1 
1 1 0 1 1 0 1 1 1 -1 
0 0 1 1 1 0 1 1 1 -1 
1 0 1 1 1 0 1 1 1 -1 
0 1 1 1 1 0 1 1 1 -1 
1 1 1 1 1 0 1 1 1 -1 
0 0 0 0 0 1 1 1 1 -1 
1 0 0 0 0 1 1 1 1 -1 
0 1 0 0 0 1 1 1 1 -1 
1 1 0 0 0 1 1 1 1 -1 
0 0 1 0 0 1 1 1 1 -1 
1 0 1 0 0 1 1 1 1 -1 
0 1 1 0 0 1 1 1 1 -1 
1 1 1 0 0 1 1 1 1 -1 
0 0 0 1 0 1 1 1 1 -1 
1 0 0 1 0 1 1 1 1 -1 
0 1 0 1 0 1 1 1 1 -1 
1 1 0 1 0 1 1 1 1 -1 
0 0 1 1 0 1 1 1 1 -1 
1 0 1 1 0 1 1 1 1 -1 
0 1 1 1 0 1 1 1 1 -1 
1 1 1 1 0 1 1 1 1 -1 
0 0 0 0 1 1 1 1 1 -1 
1 0 0 0 1 1 1 1 1 -1 
0 1 0 0 1 1 1 1 1 -1 
1 1 0 0 1 1 1 1 1 -1 
0 0 1 0 1 1 1 1 1 -1 
1 0 1 0 1 1 1 1 1 -1 
0 1 1 0 1 1 1 1 1 -1 
1 1 1 0 1 1 1 1 1 -1 
0 0 0 1 1 1 1 1 1 -1 
1 0 0 1 1 1 1 1 1 -1 
0 1 0 1 1 1 1 1 1 -1 
1 1 0 1 1 1 1 1 1 -1 
0 0 1 1 1 1 1 1 1 -1 
1 0 1 1 1 1 1 1 1 -1 
0 1 1 1 1 1 1 1 1 -1 
1 1 1 1 1 1 1 1 1 -1 
0 0 0 0 0 0 0 0 0 0 
1 0 0 0 0 0 0 0 0 0 
103
133
496
796
526
826
4489
7489
4789
7789
4519
7519
4819
7819
44482
74482
47482
77482
44782
74782
47782
77782
44512
74512
47512
77512
44812
74812
47812
77812
444475
744475
474475
774475
447475
747475
477475
777475
444775
744775
474775
774775
447775
747775
477775
777775
444505
744505
474505
774505
447505
747505
477505
777505
444805
744805
474805
774805
447805
747805
477805
777805
4444468
7444468
4744468
7744468
4474468
7474468
4774468
7774468
4447468
7447468
4747468
7747468
4477468
7477468
4777468
7777468
4444768
7444768
4744768
7744768
4474768
7474768
4774768
7774768
4447768
7447768
4747768
7747768
4477768
7477768
4777768
7777768
4444498
7444498
4744498
7744498
4474498
7474498
4774498
7774498
4447498
7447498
4747498
7747498
4477498
7477498
4777498
7777498
4444798
7444798
4744798
7744798
4474798
7474798
4774798
7774798
4447798
7447798
4747798
7747798
4477798
7477798
4777798
7777798
44444461
74444461
47444461
77444461
44744461
74744461
47744461
77744461
44474461
74474461
47474461
77474461
44774461
74774461
47774461
77774461
44447461
74447461
47447461
77447461
44747461
74747461
47747461
77747461
44477461
74477461
47477461
77477461
44777461
74777461
47777461
77777461
44444761
74444761
47444761
77444761
44744761
74744761
47744761
77744761
44474761
74474761
47474761
77474761
44774761
74774761
47774761
77774761
44447761
74447761
47447761
77447761
44747761
74747761
47747761
77747761
44477761
74477761
47477761
77477761
44777761
74777761
47777761
77777761
44444491
74444491
47444491
77444491
44744491
74744491
47744491
77744491
44474491
74474491
47474491
77474491
44774491
74774491
47774491
77774491
44447491
74447491
47447491
77447491
44747491
74747491
47747491
77747491
44477491
74477491
47477491
77477491
44777491
74777491
47777491
77777491
44444791
74444791
47444791
77444791
44744791
74744791
47744791
77744791
44474791
74474791
47474791
77474791
44774791
74774791
47774791
77774791
44447791
74447791
47447791
77447791
44747791
74747791
47747791
77747791
44477791
74477791
47477791
77477791
44777791
74777791
47777791
77777791
444444454
744444454
474444454
774444454
447444454
747444454
477444454
777444454
444744454
744744454
474744454
774744454
447744454
747744454
477744454
777744454
444474454
744474454
474474454
774474454
447474454
747474454
477474454
777474454
444774454
744774454
474774454
774774454
447774454
747774454
477774454
777774454
444447454
744447454
474447454
774447454
447447454
747447454
477447454
777447454
444747454
744747454
474747454
774747454
447747454
747747454
477747454
777747454
444477454
744477454
474477454
774477454
447477454
747477454
477477454
777477454
444777454
744777454
474777454
774777454
447777454
747777454
477777454
777777454
444444754
744444754
474444754
774444754
447444754
747444754
477444754
777444754
444744754
744744754
474744754
774744754
447744754
747744754
477744754
777744754
444474754
744474754
474474754
774474754
447474754
747474754
477474754
777474754
444774754
744774754
474774754
774774754
447774754
747774754
477774754
777774754
444447754
744447754
474447754
774447754
447447754
747447754
477447754
777447754
444747754
744747754
474747754
774747754
447747754
747747754
477747754
777747754
444477754
744477754
474477754
774477754
447477754
747477754
477477754
777477754
444777754
744777754
474777754
774777754
447777754
747777754
477777754
777777754
444444484
744444484
474444484
774444484
447444484
747444484
477444484
777444484
444744484
744744484
474744484
774744484
447744484
747744484
477744484
777744484
444474484
744474484
474474484
774474484
447474484
747474484
477474484
777474484
444774484
744774484
474774484
774774484
447774484
747774484
477774484
777774484
444447484
744447484
474447484
774447484
447447484
747447484
477447484
777447484
444747484
744747484
474747484
774747484
447747484
747747484
477747484
777747484
444477484
744477484
474477484
774477484
447477484
747477484
477477484
777477484
444777484
744777484
474777484
774777484
447777484
747777484
477777484
777777484
444444784
744444784
474444784
774444784
447444784
747444784
477444784
777444784
444744784
744744784
474744784
774744784
447744784
747744784
477744784
777744784
444474784
744474784
474474784
774474784
447474784
747474784
477474784
777474784
444774784
744774784
474774784
774774784
447774784
747774784
477774784
777774784
444447784
744447784
474447784
774447784
447447784
747447784
477447784
777447784
444747784
744747784
474747784
774747784
447747784
747747784
477747784
777747784
444477784
744477784
474477784
774477784
447477784
747477784
477477784
777477784
444777784
744777784
474777784
774777784
447777784
747777784
477777784
777777784
4444444447
7444444447
4744444447
7744444447
4474444447
7474444447
4774444447
7774444447
4447444447
7447444447
4747444447
7747444447
4477444447
7477444447
4777444447
7777444447
4444744447
7444744447
4744744447
7744744447
4474744447
7474744447
4774744447
7774744447
4447744447
7447744447
4747744447
7747744447
4477744447
7477744447
4777744447
7777744447
4444474447
7444474447
4744474447
7744474447
4474474447
7474474447
4774474447
7774474447
4447474447
7447474447
4747474447
7747474447
4477474447
7477474447
4777474447
7777474447
4444774447
7444774447
4744774447
7744774447
4474774447
7474774447
4774774447
7774774447
4447774447
7447774447
4747774447
7747774447
4477774447
7477774447
4777774447
7777774447
4444447447
7444447447
4744447447
7744447447
4474447447
7474447447
4774447447
7774447447
4447447447
7447447447
4747447447
7747447447
4477447447
7477447447
4777447447
7777447447
4444747447
7444747447
4744747447
7744747447
4474747447
7474747447
4774747447
7774747447
4447747447
7447747447
4747747447
7747747447
4477747447
7477747447
4777747447
7777747447
4444477447
7444477447
4744477447
7744477447
4474477447
7474477447
4774477447
7774477447
4447477447
7447477447
4747477447
7747477447
4477477447
7477477447
4777477447
7777477447
4444777447
7444777447
4744777447
7744777447
4474777447
7474777447
4774777447
7774777447
4447777447
7447777447
4747777447
7747777447
4477777447
7477777447
4777777447
7777777447
4444444747
7444444747
4744444747
7744444747
4474444747
7474444747
4774444747
7774444747
4447444747
7447444747
4747444747
7747444747
4477444747
7477444747
4777444747
7777444747
4444744747
7444744747
4744744747
7744744747
4474744747
7474744747
4774744747
7774744747
4447744747
7447744747
4747744747
7747744747
4477744747
7477744747
4777744747
7777744747
4444474747
7444474747
4744474747
7744474747
4474474747
7474474747
4774474747
7774474747
4447474747
7447474747
4747474747
7747474747
4477474747
7477474747
4777474747
7777474747
4444774747
7444774747
4744774747
7744774747
4474774747
7474774747
4774774747
7774774747
4447774747
7447774747
4747774747
7747774747
4477774747
7477774747
4777774747
7777774747
4444447747
7444447747
4744447747
7744447747
4474447747
7474447747
4774447747
7774447747
4447447747
7447447747
4747447747
7747447747
4477447747
7477447747
4777447747
7777447747
4444747747
7444747747
4744747747
7744747747
4474747747
7474747747
4774747747
7774747747
4447747747
7447747747
4747747747
7747747747
4477747747
7477747747
4777747747
7777747747
4444477747
7444477747
4744477747
7744477747
4474477747
7474477747
4774477747
7774477747
4447477747
7447477747
4747477747
7747477747
4477477747
7477477747
4777477747
7777477747
4444777747
7444777747
4744777747
7744777747
4474777747
7474777747
4774777747
7774777747
4447777747
7447777747
4747777747
7747777747
4477777747
7477777747
4777777747
7777777747
4444444477
7444444477
4744444477
7744444477
4474444477
7474444477
4774444477
7774444477
4447444477
7447444477
4747444477
7747444477
4477444477
7477444477
4777444477
7777444477
4444744477
7444744477
4744744477
7744744477
4474744477
7474744477
4774744477
7774744477
4447744477
7447744477
4747744477
7747744477
4477744477
7477744477
4777744477
7777744477
4444474477
7444474477
4744474477
7744474477
4474474477
7474474477
4774474477
7774474477
4447474477
7447474477
4747474477
7747474477
4477474477
7477474477
4777474477
7777474477
4444774477
7444774477
4744774477
7744774477
4474774477
7474774477
4774774477
7774774477
4447774477
7447774477
4747774477
7747774477
4477774477
7477774477
4777774477
7777774477
4444447477
7444447477
4744447477
7744447477
4474447477
7474447477
4774447477
7774447477
4447447477
7447447477
4747447477
7747447477
4477447477
7477447477
4777447477
7777447477
4444747477
7444747477
4744747477
7744747477
4474747477
7474747477
4774747477
7774747477
4447747477
7447747477
4747747477
7747747477
4477747477
7477747477
4777747477
7777747477
4444477477
7444477477
4744477477
7744477477
4474477477
7474477477
4774477477
7774477477
4447477477
7447477477
4747477477
7747477477
4477477477
7477477477
4777477477
7777477477
4444777477
7444777477
4744777477
7744777477
4474777477
7474777477
4774777477
7774777477
4447777477
7447777477
4747777477
7747777477
4477777477
7477777477
4777777477
7777777477
4444444777
7444444777
4744444777
7744444777
4474444777
7474444777
4774444777
7774444777
4447444777
7447444777
4747444777
7747444777
4477444777
7477444777
4777444777
7777444777
4444744777
7444744777
4744744777
7744744777
4474744777
7474744777
4774744777
7774744777
4447744777
7447744777
4747744777
7747744777
4477744777
7477744777
4777744777
7777744777
4444474777
7444474777
4744474777
7744474777
4474474777
7474474777
4774474777
7774474777
4447474777
7447474777
4747474777
7747474777
4477474777
7477474777
4777474777
7777474777
4444774777
7444774777
4744774777
7744774777
4474774777
7474774777
4774774777
7774774777
4447774777
7447774777
4747774777
7747774777
4477774777
7477774777
4777774777
7777774777
4444447777
7444447777
4744447777
7744447777
4474447777
7474447777
4774447777
7774447777
4447447777
7447447777
4747447777
7747447777
4477447777
7477447777
4777447777
7777447777
4444747777
7444747777
4744747777
7744747777
4474747777
7474747777
4774747777
7774747777
4447747777
7447747777
4747747777
7747747777
4477747777
7477747777
4777747777
7777747777
4444477777
7444477777
4744477777
7744477777
4474477777
7474477777
4774477777
7774477777
4447477777
7447477777
4747477777
7747477777
4477477777
7477477777
4777477777
7777477777
4444777777
7444777777
4744777777
7744777777
4474777777
7474777777
4774777777
7774777777
4447777777
7447777777
4747777777
7747777777
4477777777
7477777777
4777777777
7777777777
44444444440
74444444440
